#
# A fatal error has been detected by the Java Runtime Environment:
#
#  EXCEPTION_ACCESS_VIOLATION (0xc0000005) at pc=0x0000024c24640592, pid=20720, tid=10840
#
# JRE version: OpenJDK Runtime Environment (17.0.7) (build 17.0.7+0-b2043.56-10550314)
# Java VM: OpenJDK 64-Bit Server VM (17.0.7+0-b2043.56-10550314, mixed mode, tiered, compressed oops, compressed class ptrs, g1 gc, windows-amd64)
# Problematic frame:
# J 5054 c1 org.gradle.api.internal.artifacts.ivyservice.modulecache.InMemoryModuleMetadataCache.get(Lorg/gradle/api/internal/artifacts/ivyservice/modulecache/ModuleComponentAtRepositoryKey;)Lorg/gradle/api/internal/artifacts/ivyservice/modulecache/ModuleMetadataCache$CachedMetadata; (52 bytes) @ 0x0000024c24640592 [0x0000024c24640460+0x0000000000000132]
#
# No core dump will be written. Minidumps are not enabled by default on client versions of Windows
#
# If you would like to submit a bug report, please visit:
#   https://bugreport.java.com/bugreport/crash.jsp
#

---------------  S U M M A R Y ------------

Command Line: --add-opens=java.base/java.util=ALL-UNNAMED --add-opens=java.base/java.lang=ALL-UNNAMED --add-opens=java.base/java.lang.invoke=ALL-UNNAMED --add-opens=java.prefs/java.util.prefs=ALL-UNNAMED --add-opens=java.base/java.nio.charset=ALL-UNNAMED --add-opens=java.base/java.net=ALL-UNNAMED --add-opens=java.base/java.util.concurrent.atomic=ALL-UNNAMED -Xmx2048m -Dfile.encoding=UTF-8 -Duser.country=RU -Duser.language=ru -Duser.variant -javaagent:C:\Users\mirel\.gradle\wrapper\dists\gradle-8.2-bin\bbg7u40eoinfdyxsxr3z4i7ta\gradle-8.2\lib\agents\gradle-instrumentation-agent-8.2.jar org.gradle.launcher.daemon.bootstrap.GradleDaemon 8.2

Host: 12th Gen Intel(R) Core(TM) i5-12400F, 12 cores, 15G,  Windows 10 , 64 bit Build 19041 (10.0.19041.3636)
Time: Fri Mar 22 20:03:03 2024 RTZ 4 (s 10 , 64 bit Build 19041 (10.0.19041.3636) elapsed time: 4.103477 seconds (0d 0h 0m 4s)

---------------  T H R E A D  ---------------

Current thread (0x0000024c40da92a0):  JavaThread "Daemon worker" [_thread_in_Java, id=10840, stack(0x000000571db00000,0x000000571dc00000)]

Stack: [0x000000571db00000,0x000000571dc00000],  sp=0x000000571dbf8590,  free space=993k
Native frames: (J=compiled Java code, j=interpreted, Vv=VM code, C=native code)
C  0x0000024c24640592


siginfo: EXCEPTION_ACCESS_VIOLATION (0xc0000005), reading address 0x0000000000000008


Register to memory mapping:

RIP=0x0000024c24640592 is at entry_point+306 in (nmethod*)0x0000024c24640290
RAX=0x0 is NULL
RBX={method} {0x0000024c3ecf3548} 'hashCode' '()I' in 'org/gradle/api/internal/artifacts/ivyservice/modulecache/ModuleComponentAtRepositoryKey'
RCX=0x0 is NULL
RDX=0x00000000845df940 is an oop: org.gradle.api.internal.artifacts.ivyservice.modulecache.ModuleComponentAtRepositoryKey 
{0x00000000845df940} - klass: 'org/gradle/api/internal/artifacts/ivyservice/modulecache/ModuleComponentAtRepositoryKey'
 - ---- fields (total size 3 words):
 - private final 'hashCode' 'I' @12  -657630002 (d8cd5cce)
 - private final 'repositoryId' 'Ljava/lang/String;' @16  "d4e342018b23d58be902a60e67105aa1"{0x0000000083113838} (83113838)
 - private final 'componentId' 'Lorg/gradle/api/artifacts/component/ModuleComponentIdentifier;' @20  a 'org/gradle/internal/component/external/model/DefaultModuleComponentIdentifier'{0x00000000845df8c8} (845df8c8)
RSP=0x000000571dbf8590 is pointing into the stack for thread: 0x0000024c40da92a0
RBP=0x000000571dbf86f8 is pointing into the stack for thread: 0x0000024c40da92a0
RSI=0x00000000816feb30 is an oop: java.util.concurrent.ConcurrentHashMap 
{0x00000000816feb30} - klass: 'java/util/concurrent/ConcurrentHashMap'
 - ---- fields (total size 8 words):
 - transient 'keySet' 'Ljava/util/Set;' @12  NULL (0)
 - transient 'values' 'Ljava/util/Collection;' @16  NULL (0)
 - private volatile transient 'sizeCtl' 'I' @20  384 (180)
 - private volatile transient 'baseCount' 'J' @24  192 (c0 0)
 - private volatile transient 'transferIndex' 'I' @32  0
 - private volatile transient 'cellsBusy' 'I' @36  0
 - volatile transient 'table' '[Ljava/util/concurrent/ConcurrentHashMap$Node;' @40  a 'java/util/concurrent/ConcurrentHashMap$Node'[512] {0x00000000845dea58} (845dea58)
 - private volatile transient 'nextTable' '[Ljava/util/concurrent/ConcurrentHashMap$Node;' @44  NULL (0)
 - private volatile transient 'counterCells' '[Ljava/util/concurrent/ConcurrentHashMap$CounterCell;' @48  NULL (0)
 - private transient 'keySet' 'Ljava/util/concurrent/ConcurrentHashMap$KeySetView;' @52  NULL (0)
 - private transient 'values' 'Ljava/util/concurrent/ConcurrentHashMap$ValuesView;' @56  NULL (0)
 - private transient 'entrySet' 'Ljava/util/concurrent/ConcurrentHashMap$EntrySetView;' @60  NULL (0)
RDI=0x0000000100469280 is a pointer to class: 
org.gradle.api.internal.artifacts.ivyservice.modulecache.ModuleMetadataCache$CachedMetadata {0x0000000100469288}
 - instance size:     2
 - klass size:        68
 - access:            public interface abstract 
 - state:             linked
 - name:              'org/gradle/api/internal/artifacts/ivyservice/modulecache/ModuleMetadataCache$CachedMetadata'
 - super:             'java/lang/Object'
 - sub:               
 - nof implementors:  1
 - implementor:    
   'org/gradle/api/internal/artifacts/ivyservice/modulecache/DefaultCachedMetadata'
 - arrays:            NULL
 - methods:           Array<T>(0x0000024c3dad29d8)
 - method ordering:   Array<T>(0x0000024c3c000018)
 - default_methods:   Array<T>(0x0000000000000000)
 - local interfaces:  Array<T>(0x0000024c3c000058)
 - trans. interfaces: Array<T>(0x0000024c3c000058)
 - constants:         constant pool [32] {0x0000024c3dad2868} for 'org/gradle/api/internal/artifacts/ivyservice/modulecache/ModuleMetadataCache$CachedMetadata' cache=0x0000024c3ed1def8
 - class loader data:  loader data: 0x0000024c40b63f60 for instance a 'org/gradle/initialization/MixInLegacyTypesClassLoader'{0x00000000808097b8}
 - source file:       'ModuleMetadataCache.java'
 - class annotations:       Array<T>(0x0000000000000000)
 - class type annotations:  Array<T>(0x0000000000000000)
 - field annotations:       Array<T>(0x0000000000000000)
 - field type annotations:  Array<T>(0x0000000000000000)
 - inner classes:     Array<T>(0x0000024c3dad2f10)
 - nest members:     Array<T>(0x0000024c3c000028)
 - permitted subclasses:     Array<T>(0x0000024c3c000028)
 - java mirror:       a 'java/lang/Class'{0x00000000816ac3a0} = 'org/gradle/api/internal/artifacts/ivyservice/modulecache/ModuleMetadataCache$CachedMetadata'
 - vtable length      5  (start addr: 0x0000000100469470)
 - itable length      0 (start addr: 0x0000000100469498)
 - ---- static fields (0 words):
 - ---- non-static fields (0 words):
 - non-static oop maps: 
R8 =0x00000000845b78b0 is an oop: java.util.concurrent.ConcurrentHashMap$Node 
{0x00000000845b78b0} - klass: 'java/util/concurrent/ConcurrentHashMap$Node'
 - ---- fields (total size 4 words):
 - final 'hash' 'I' @12  1554320387 (5ca50c03)
 - final 'key' 'Ljava/lang/Object;' @16  a 'org/gradle/api/internal/artifacts/ivyservice/modulecache/ModuleComponentAtRepositoryKey'{0x00000000845b53f0} (845b53f0)
 - volatile 'val' 'Ljava/lang/Object;' @20  a 'org/gradle/api/internal/artifacts/ivyservice/modulecache/DefaultCachedMetadata'{0x00000000845b7870} (845b7870)
 - volatile 'next' 'Ljava/util/concurrent/ConcurrentHashMap$Node;' @24  NULL (0)
R9 =0x000000005ca50c03 is an unknown value
R10=0x0000024c1ed91000 points into unknown readable memory: 0x0000000000000000 | 00 00 00 00 00 00 00 00
R11=0x0 is NULL
R12=0x0 is NULL
R13=0x000000571dbf8698 is pointing into the stack for thread: 0x0000024c40da92a0
R14=0x0000000100377678 is pointing into metadata
R15=0x0000024c40da92a0 is a thread


Registers:
RAX=0x0000000000000000, RBX=0x0000024c3ecf3540, RCX=0x0000000000000000, RDX=0x00000000845df940
RSP=0x000000571dbf8590, RBP=0x000000571dbf86f8, RSI=0x00000000816feb30, RDI=0x0000000100469280
R8 =0x00000000845b78b0, R9 =0x000000005ca50c03, R10=0x0000024c1ed91000, R11=0x0000000000000000
R12=0x0000000000000000, R13=0x000000571dbf8698, R14=0x0000000100377678, R15=0x0000024c40da92a0
RIP=0x0000024c24640592, EFLAGS=0x0000000000010246

Top of Stack: (sp=0x000000571dbf8590)
0x000000571dbf8590:   000000571dbf85d0 0000000000000000
0x000000571dbf85a0:   0000024c3d649658 00000000816feb18
0x000000571dbf85b0:   00000000816feb18 00000000845df940
0x000000571dbf85c0:   0000000000000000 0000000000000246
0x000000571dbf85d0:   000000571dbf86f8 0000024c2463ef9c
0x000000571dbf85e0:   00000000845df940 0000024c3e902a80
0x000000571dbf85f0:   0000000000000000 000000571dbf8610
0x000000571dbf8600:   000000571dbf8680 0000024c2b1e9645
0x000000571dbf8610:   00000000000008d8 0000024c2b1ec850
0x000000571dbf8620:   0000024c3ed2f090 0000000000000110
0x000000571dbf8630:   000000008cba8c48 000000571dbf8638
0x000000571dbf8640:   0000024c3e902755 0000024c2b1ec80d
0x000000571dbf8650:   00000000845df940 00000000845df8c8
0x000000571dbf8660:   00000000816feb18 0000024ce0d697c1
0x000000571dbf8670:   0000000000000000 0000000082d17f70
0x000000571dbf8680:   000000571dbf86f8 0000024c2b1e9a97 

Instructions: (pc=0x0000024c24640592)
0x0000024c24640492:   be 50 3c df 3e 4c 02 00 00 8b be cc 00 00 00 83
0x0000024c246404a2:   c7 02 89 be cc 00 00 00 81 e7 fe 07 00 00 83 ff
0x0000024c246404b2:   00 0f 84 f6 03 00 00 8b 72 10 48 3b 06 48 8b fe
0x0000024c246404c2:   48 bb 50 3c df 3e 4c 02 00 00 8b 7f 08 48 c1 e7
0x0000024c246404d2:   03 48 3b bb 20 01 00 00 75 0d 48 83 83 28 01 00
0x0000024c246404e2:   00 01 e9 66 00 00 00 48 3b bb 30 01 00 00 75 0d
0x0000024c246404f2:   48 83 83 38 01 00 00 01 e9 50 00 00 00 48 81 bb
0x0000024c24640502:   20 01 00 00 00 00 00 00 75 17 48 89 bb 20 01 00
0x0000024c24640512:   00 48 c7 83 28 01 00 00 01 00 00 00 e9 2c 00 00
0x0000024c24640522:   00 48 81 bb 30 01 00 00 00 00 00 00 75 17 48 89
0x0000024c24640532:   bb 30 01 00 00 48 c7 83 38 01 00 00 01 00 00 00
0x0000024c24640542:   e9 08 00 00 00 48 83 83 10 01 00 00 01 49 8b f8
0x0000024c24640552:   4c 8b c7 48 8b d6 48 89 7c 24 28 48 b8 40 3d 05
0x0000024c24640562:   00 01 00 00 00 e8 34 73 26 07 48 83 f8 00 7d 16
0x0000024c24640572:   48 be 50 3c df 3e 4c 02 00 00 80 8e 41 01 00 00
0x0000024c24640582:   01 e9 dc 00 00 00 48 bf 80 92 46 00 01 00 00 00
0x0000024c24640592:   8b 70 08 48 c1 e6 03 48 3b 7e 20 0f 84 1b 00 00
0x0000024c246405a2:   00 48 3b f7 0f 84 12 00 00 00 56 57 e8 cd 7c c9
0x0000024c246405b2:   06 5e 5e 83 fe 00 0f 84 8a 00 00 00 48 be 50 3c
0x0000024c246405c2:   df 3e 4c 02 00 00 8b 78 08 48 c1 e7 03 48 3b be
0x0000024c246405d2:   58 01 00 00 75 0d 48 83 86 60 01 00 00 01 e9 7f
0x0000024c246405e2:   00 00 00 48 3b be 68 01 00 00 75 0d 48 83 86 70
0x0000024c246405f2:   01 00 00 01 e9 69 00 00 00 48 81 be 58 01 00 00
0x0000024c24640602:   00 00 00 00 75 17 48 89 be 58 01 00 00 48 c7 86
0x0000024c24640612:   60 01 00 00 01 00 00 00 e9 45 00 00 00 48 81 be
0x0000024c24640622:   68 01 00 00 00 00 00 00 75 17 48 89 be 68 01 00
0x0000024c24640632:   00 48 c7 86 70 01 00 00 01 00 00 00 e9 21 00 00
0x0000024c24640642:   00 e9 1c 00 00 00 48 be 50 3c df 3e 4c 02 00 00
0x0000024c24640652:   48 83 ae 48 01 00 00 01 e9 76 02 00 00 e9 00 00
0x0000024c24640662:   00 00 4c 8b c0 49 83 f8 00 48 ba 50 3c df 3e 4c
0x0000024c24640672:   02 00 00 48 be 80 01 00 00 00 00 00 00 0f 85 0a
0x0000024c24640682:   00 00 00 48 be 90 01 00 00 00 00 00 00 48 8b 3c 


Stack slot to memory mapping:
stack at sp + 0 slots: 0x000000571dbf85d0 is pointing into the stack for thread: 0x0000024c40da92a0
stack at sp + 1 slots: 0x0 is NULL
stack at sp + 2 slots: {method} {0x0000024c3d649660} 'get' '(Lorg/gradle/api/internal/artifacts/ivyservice/modulecache/ModuleComponentAtRepositoryKey;)Lorg/gradle/api/internal/artifacts/ivyservice/modulecache/ModuleMetadataCache$CachedMetadata;' in 'org/gradle/api/internal/artifacts/ivyservice/modulecache/InMemoryModuleMetadataCache'
stack at sp + 3 slots: 0x00000000816feb18 is an oop: org.gradle.api.internal.artifacts.ivyservice.modulecache.InMemoryModuleMetadataCache 
{0x00000000816feb18} - klass: 'org/gradle/api/internal/artifacts/ivyservice/modulecache/InMemoryModuleMetadataCache'
 - ---- fields (total size 3 words):
 - protected final 'timeProvider' 'Lorg/gradle/util/internal/BuildCommencedTimeProvider;' @12  a 'org/gradle/util/internal/BuildCommencedTimeProvider'{0x00000000816ca9f8} (816ca9f8)
 - private final 'inMemoryCache' 'Ljava/util/Map;' @16  a 'java/util/concurrent/ConcurrentHashMap'{0x00000000816feb30} (816feb30)
 - private final 'delegate' 'Lorg/gradle/api/internal/artifacts/ivyservice/modulecache/AbstractModuleMetadataCache;' @20  a 'org/gradle/api/internal/artifacts/ivyservice/modulecache/PersistentModuleMetadataCache'{0x00000000816feb70} (816feb70)
stack at sp + 4 slots: 0x00000000816feb18 is an oop: org.gradle.api.internal.artifacts.ivyservice.modulecache.InMemoryModuleMetadataCache 
{0x00000000816feb18} - klass: 'org/gradle/api/internal/artifacts/ivyservice/modulecache/InMemoryModuleMetadataCache'
 - ---- fields (total size 3 words):
 - protected final 'timeProvider' 'Lorg/gradle/util/internal/BuildCommencedTimeProvider;' @12  a 'org/gradle/util/internal/BuildCommencedTimeProvider'{0x00000000816ca9f8} (816ca9f8)
 - private final 'inMemoryCache' 'Ljava/util/Map;' @16  a 'java/util/concurrent/ConcurrentHashMap'{0x00000000816feb30} (816feb30)
 - private final 'delegate' 'Lorg/gradle/api/internal/artifacts/ivyservice/modulecache/AbstractModuleMetadataCache;' @20  a 'org/gradle/api/internal/artifacts/ivyservice/modulecache/PersistentModuleMetadataCache'{0x00000000816feb70} (816feb70)
stack at sp + 5 slots: 0x00000000845df940 is an oop: org.gradle.api.internal.artifacts.ivyservice.modulecache.ModuleComponentAtRepositoryKey 
{0x00000000845df940} - klass: 'org/gradle/api/internal/artifacts/ivyservice/modulecache/ModuleComponentAtRepositoryKey'
 - ---- fields (total size 3 words):
 - private final 'hashCode' 'I' @12  -657630002 (d8cd5cce)
 - private final 'repositoryId' 'Ljava/lang/String;' @16  "d4e342018b23d58be902a60e67105aa1"{0x0000000083113838} (83113838)
 - private final 'componentId' 'Lorg/gradle/api/artifacts/component/ModuleComponentIdentifier;' @20  a 'org/gradle/internal/component/external/model/DefaultModuleComponentIdentifier'{0x00000000845df8c8} (845df8c8)
stack at sp + 6 slots: 0x0 is NULL
stack at sp + 7 slots: 0x0000000000000246 is an unknown value

--------------------------------------------------------------------------------
[Constant Pool (empty)]

--------------------------------------------------------------------------------

[MachCode]
  0x0000024c24640460: 448b 5208 | 49c1 e203 | 4c3b d00f | 850f 0cbf | 0666 6666 | 0f1f 8400 | 0000 0000 | 6666 6690 
  0x0000024c24640480: 8984 2400 | 90ff ff55 | 4883 ec40 | 4889 5424 | 2048 be50 | 3cdf 3e4c | 0200 008b | becc 0000 
  0x0000024c246404a0: 0083 c702 | 89be cc00 | 0000 81e7 | fe07 0000 | 83ff 000f | 84f6 0300 | 008b 7210 | 483b 0648 
  0x0000024c246404c0: 8bfe 48bb | 503c df3e | 4c02 0000 | 8b7f 0848 | c1e7 0348 | 3bbb 2001 | 0000 750d | 4883 8328 
  0x0000024c246404e0: 0100 0001 | e966 0000 | 0048 3bbb | 3001 0000 | 750d 4883 | 8338 0100 | 0001 e950 | 0000 0048 
  0x0000024c24640500: 81bb 2001 | 0000 0000 | 0000 7517 | 4889 bb20 | 0100 0048 | c783 2801 | 0000 0100 | 0000 e92c 
  0x0000024c24640520: 0000 0048 | 81bb 3001 | 0000 0000 | 0000 7517 | 4889 bb30 | 0100 0048 | c783 3801 | 0000 0100 
  0x0000024c24640540: 0000 e908 | 0000 0048 | 8383 1001 | 0000 0149 | 8bf8 4c8b | c748 8bd6 | 4889 7c24 | 2848 b840 
  0x0000024c24640560: 3d05 0001 | 0000 00e8 | 3473 2607 | 4883 f800 | 7d16 48be | 503c df3e | 4c02 0000 | 808e 4101 
  0x0000024c24640580: 0000 01e9 | dc00 0000 | 48bf 8092 | 4600 0100 | 0000 8b70 | 0848 c1e6 | 0348 3b7e | 200f 841b 
  0x0000024c246405a0: 0000 0048 | 3bf7 0f84 | 1200 0000 | 5657 e8cd | 7cc9 065e | 5e83 fe00 | 0f84 8a00 | 0000 48be 
  0x0000024c246405c0: 503c df3e | 4c02 0000 | 8b78 0848 | c1e7 0348 | 3bbe 5801 | 0000 750d | 4883 8660 | 0100 0001 
  0x0000024c246405e0: e97f 0000 | 0048 3bbe | 6801 0000 | 750d 4883 | 8670 0100 | 0001 e969 | 0000 0048 | 81be 5801 
  0x0000024c24640600: 0000 0000 | 0000 7517 | 4889 be58 | 0100 0048 | c786 6001 | 0000 0100 | 0000 e945 | 0000 0048 
  0x0000024c24640620: 81be 6801 | 0000 0000 | 0000 7517 | 4889 be68 | 0100 0048 | c786 7001 | 0000 0100 | 0000 e921 
  0x0000024c24640640: 0000 00e9 | 1c00 0000 | 48be 503c | df3e 4c02 | 0000 4883 | ae48 0100 | 0001 e976 | 0200 00e9 
  0x0000024c24640660: 0000 0000 | 4c8b c049 | 83f8 0048 | ba50 3cdf | 3e4c 0200 | 0048 be80 | 0100 0000 | 0000 000f 
  0x0000024c24640680: 850a 0000 | 0048 be90 | 0100 0000 | 0000 0048 | 8b3c 3248 | 8d7f 0148 | 893c 320f | 85f8 0100 
  0x0000024c246406a0: 0048 8b54 | 2420 8b72 | 1448 83fe | 0048 bf50 | 3cdf 3e4c | 0200 0048 | bba0 0100 | 0000 0000 
  0x0000024c246406c0: 000f 840a | 0000 0048 | bbb0 0100 | 0000 0000 | 0048 8b04 | 1f48 8d40 | 0148 8904 | 1f0f 84b6 
  0x0000024c246406e0: 0100 0048 | 3b06 4c8b | c648 bf50 | 3cdf 3e4c | 0200 0045 | 8b40 0849 | c1e0 034c | 3b87 d001 
  0x0000024c24640700: 0000 750d | 4883 87d8 | 0100 0001 | e966 0000 | 004c 3b87 | e001 0000 | 750d 4883 | 87e8 0100 
  0x0000024c24640720: 0001 e950 | 0000 0048 | 81bf d001 | 0000 0000 | 0000 7517 | 4c89 87d0 | 0100 0048 | c787 d801 
  0x0000024c24640740: 0000 0100 | 0000 e92c | 0000 0048 | 81bf e001 | 0000 0000 | 0000 7517 | 4c89 87e0 | 0100 0048 
  0x0000024c24640760: c787 e801 | 0000 0100 | 0000 e908 | 0000 0048 | 8387 c001 | 0000 014c | 8b44 2428 | 488b d666 
  0x0000024c24640780: 0f1f 4400 | 0048 b8ff | ffff ffff | ffff ffe8 | ec0e bf06 | 4883 f800 | 49b8 503c | df3e 4c02 
  0x0000024c246407a0: 0000 49b9 | 0802 0000 | 0000 0000 | 0f85 0a00 | 0000 49b9 | f801 0000 | 0000 0000 | 4b8b 1408 
  0x0000024c246407c0: 488d 5201 | 4b89 1408 | 0f85 0800 | 0000 4c8b | c0e9 c300 | 0000 4c8b | 4424 2848 | 8b54 2420 
  0x0000024c246407e0: 8b52 1048 | 3b02 4c8b | ca48 be50 | 3cdf 3e4c | 0200 0045 | 8b49 0849 | c1e1 034c | 3b8e 2802 
  0x0000024c24640800: 0000 750d | 4883 8630 | 0200 0001 | e966 0000 | 004c 3b8e | 3802 0000 | 750d 4883 | 8640 0200 
  0x0000024c24640820: 0001 e950 | 0000 0048 | 81be 2802 | 0000 0000 | 0000 7517 | 4c89 8e28 | 0200 0048 | c786 3002 
  0x0000024c24640840: 0000 0100 | 0000 e92c | 0000 0048 | 81be 3802 | 0000 0000 | 0000 7517 | 4c89 8e38 | 0200 0048 
  0x0000024c24640860: c786 4002 | 0000 0100 | 0000 e908 | 0000 0048 | 8386 1802 | 0000 014c | 8bc8 4889 | 4424 3066 
  0x0000024c24640880: 0f1f 4400 | 0048 b8ff | ffff ffff | ffff ffe8 | ec0d bf06 | 4c8b 4424 | 3049 8bc0 | 4883 c440 
  0x0000024c246408a0: 5d49 3ba7 | 4003 0000 | 0f87 3a00 | 0000 c349 | ba58 9664 | 3d4c 0200 | 004c 8954 | 2408 48c7 
  0x0000024c246408c0: 0424 ffff | ffff e8b5 | a0c9 06e9 | e9fb ffff | e8cb 43c9 | 0648 8904 | 24e8 c270 | c906 e8bd 
  0x0000024c246408e0: 43c9 06e8 | b843 c906 | 49ba a108 | 6424 4c02 | 0000 4d89 | 9758 0300 | 00e9 0271 | bf06 9090 
  0x0000024c24640900: 498b 87d0 | 0300 0049 | c787 d003 | 0000 0000 | 0000 49c7 | 87d8 0300 | 0000 0000 | 0048 83c4 
  0x0000024c24640920: 405d e959 | 31c9 06f4 | f4f4 f4f4 | f4f4 f4f4 | f4f4 f4f4 | f4f4 f4f4 | f4f4 f4f4 | f4f4 f4f4 
  0x0000024c24640940: 0f1f 4400 | 0048 bb00 | 0000 0000 | 0000 00e9 | fbff ffff | 9048 bb00 | 0000 0000 | 0000 00e9 
  0x0000024c24640960: fbff ffff | 9048 bb00 | 0000 0000 | 0000 00e9 | fbff ffff | e807 64c9 | 0648 b918 | 7c0a bffb 
  0x0000024c24640980: 7f00 0048 | 83e4 f049 | bac0 9dd2 | befb 7f00 | 0041 ffd2 | f449 ba95 | 0964 244c | 0200 0041 
  0x0000024c246409a0: 52e9 fa62 | bf06 f4f4 
[/MachCode]
--------------------------------------------------------------------------------


---------------  P R O C E S S  ---------------

Threads class SMR info:
_java_thread_list=0x0000024c4412e310, length=46, elements={
0x0000024c1efb2530, 0x0000024c3b3ba100, 0x0000024c3b3bae80, 0x0000024c3b40aa70,
0x0000024c3b40b530, 0x0000024c3b40de00, 0x0000024c3b40e6c0, 0x0000024c3b40fed0,
0x0000024c3b412250, 0x0000024c3b431be0, 0x0000024c3b4f2d20, 0x0000024c3b643370,
0x0000024c40044010, 0x0000024c40dccaf0, 0x0000024c40fbac40, 0x0000024c4148c820,
0x0000024c400bf330, 0x0000024c42ab22b0, 0x0000024c40da8470, 0x0000024c40da92a0,
0x0000024c42554610, 0x0000024c41e677a0, 0x0000024c4102de40, 0x0000024c4102e310,
0x0000024c4102e7e0, 0x0000024c4102fff0, 0x0000024c435969b0, 0x0000024c4102d4a0,
0x0000024c4102f650, 0x0000024c4102f180, 0x0000024c41030990, 0x0000024c4102cfd0,
0x0000024c4102d970, 0x0000024c428c3890, 0x0000024c428be6c0, 0x0000024c428bc9e0,
0x0000024c428beb90, 0x0000024c428bf530, 0x0000024c428bd380, 0x0000024c428bdd20,
0x0000024c428c03a0, 0x0000024c428c33c0, 0x0000024c428c2080, 0x0000024c428c0870,
0x0000024c428c0d40, 0x0000024c428c1210
}

Java Threads: ( => current thread )
  0x0000024c1efb2530 JavaThread "main" [_thread_blocked, id=15296, stack(0x000000571bb00000,0x000000571bc00000)]
  0x0000024c3b3ba100 JavaThread "Reference Handler" daemon [_thread_blocked, id=21320, stack(0x000000571c200000,0x000000571c300000)]
  0x0000024c3b3bae80 JavaThread "Finalizer" daemon [_thread_blocked, id=21392, stack(0x000000571c300000,0x000000571c400000)]
  0x0000024c3b40aa70 JavaThread "Signal Dispatcher" daemon [_thread_blocked, id=12256, stack(0x000000571c400000,0x000000571c500000)]
  0x0000024c3b40b530 JavaThread "Attach Listener" daemon [_thread_blocked, id=17716, stack(0x000000571c500000,0x000000571c600000)]
  0x0000024c3b40de00 JavaThread "Service Thread" daemon [_thread_blocked, id=9112, stack(0x000000571c600000,0x000000571c700000)]
  0x0000024c3b40e6c0 JavaThread "Monitor Deflation Thread" daemon [_thread_blocked, id=21128, stack(0x000000571c700000,0x000000571c800000)]
  0x0000024c3b40fed0 JavaThread "C2 CompilerThread0" daemon [_thread_blocked, id=15352, stack(0x000000571c800000,0x000000571c900000)]
  0x0000024c3b412250 JavaThread "C1 CompilerThread0" daemon [_thread_blocked, id=18772, stack(0x000000571c900000,0x000000571ca00000)]
  0x0000024c3b431be0 JavaThread "Sweeper thread" daemon [_thread_blocked, id=2012, stack(0x000000571ca00000,0x000000571cb00000)]
  0x0000024c3b4f2d20 JavaThread "Common-Cleaner" daemon [_thread_blocked, id=22296, stack(0x000000571cb00000,0x000000571cc00000)]
  0x0000024c3b643370 JavaThread "Notification Thread" daemon [_thread_blocked, id=1704, stack(0x000000571cc00000,0x000000571cd00000)]
  0x0000024c40044010 JavaThread "C2 CompilerThread1" daemon [_thread_blocked, id=19796, stack(0x000000571ce00000,0x000000571cf00000)]
  0x0000024c40dccaf0 JavaThread "Daemon health stats" [_thread_blocked, id=18932, stack(0x000000571d500000,0x000000571d600000)]
  0x0000024c40fbac40 JavaThread "Incoming local TCP Connector on port 64312" [_thread_in_native, id=6112, stack(0x000000571d600000,0x000000571d700000)]
  0x0000024c4148c820 JavaThread "Daemon periodic checks" [_thread_blocked, id=2740, stack(0x000000571d700000,0x000000571d800000)]
  0x0000024c400bf330 JavaThread "Daemon" [_thread_blocked, id=10332, stack(0x000000571d800000,0x000000571d900000)]
  0x0000024c42ab22b0 JavaThread "Handler for socket connection from /127.0.0.1:64312 to /127.0.0.1:64313" [_thread_in_native, id=11076, stack(0x000000571d900000,0x000000571da00000)]
  0x0000024c40da8470 JavaThread "Cancel handler" [_thread_blocked, id=14052, stack(0x000000571da00000,0x000000571db00000)]
=>0x0000024c40da92a0 JavaThread "Daemon worker" [_thread_in_Java, id=10840, stack(0x000000571db00000,0x000000571dc00000)]
  0x0000024c42554610 JavaThread "Asynchronous log dispatcher for DefaultDaemonConnection: socket connection from /127.0.0.1:64312 to /127.0.0.1:64313" [_thread_blocked, id=17028, stack(0x000000571dc00000,0x000000571dd00000)]
  0x0000024c41e677a0 JavaThread "Stdin handler" [_thread_blocked, id=13844, stack(0x000000571dd00000,0x000000571de00000)]
  0x0000024c4102de40 JavaThread "Daemon client event forwarder" [_thread_blocked, id=8380, stack(0x000000571de00000,0x000000571df00000)]
  0x0000024c4102e310 JavaThread "Cache worker for journal cache (C:\Users\mirel\.gradle\caches\journal-1)" [_thread_blocked, id=3708, stack(0x000000571cf00000,0x000000571d000000)]
  0x0000024c4102e7e0 JavaThread "File lock request listener" [_thread_in_native, id=5464, stack(0x000000571e500000,0x000000571e600000)]
  0x0000024c4102fff0 JavaThread "Cache worker for file hash cache (C:\Users\mirel\.gradle\caches\8.2\fileHashes)" [_thread_blocked, id=21256, stack(0x000000571e600000,0x000000571e700000)]
  0x0000024c435969b0 JavaThread "C2 CompilerThread2" daemon [_thread_blocked, id=8680, stack(0x000000571e700000,0x000000571e800000)]
  0x0000024c4102d4a0 JavaThread "File watcher server" daemon [_thread_in_native, id=6304, stack(0x000000571e800000,0x000000571e900000)]
  0x0000024c4102f650 JavaThread "File watcher consumer" daemon [_thread_blocked, id=18508, stack(0x000000571e900000,0x000000571ea00000)]
  0x0000024c4102f180 JavaThread "Cache worker for checksums cache (C:\Users\mirel\AndroidStudioProjects\HabitTracker\.gradle\8.2\checksums)" [_thread_blocked, id=20588, stack(0x000000571ea00000,0x000000571eb00000)]
  0x0000024c41030990 JavaThread "Cache worker for cache directory md-rule (C:\Users\mirel\.gradle\caches\8.2\md-rule)" [_thread_blocked, id=18980, stack(0x000000571eb00000,0x000000571ec00000)]
  0x0000024c4102cfd0 JavaThread "Cache worker for file content cache (C:\Users\mirel\.gradle\caches\8.2\fileContent)" [_thread_blocked, id=20308, stack(0x000000571ec00000,0x000000571ed00000)]
  0x0000024c4102d970 JavaThread "Cache worker for file hash cache (C:\Users\mirel\AndroidStudioProjects\HabitTracker\.gradle\8.2\fileHashes)" [_thread_blocked, id=22140, stack(0x000000571ed00000,0x000000571ee00000)]
  0x0000024c428c3890 JavaThread "Cache worker for cache directory md-supplier (C:\Users\mirel\.gradle\caches\8.2\md-supplier)" [_thread_blocked, id=14600, stack(0x000000571ee00000,0x000000571ef00000)]
  0x0000024c428be6c0 JavaThread "Cache worker for execution history cache (C:\Users\mirel\.gradle\caches\8.2\executionHistory)" [_thread_blocked, id=10004, stack(0x000000571ef00000,0x000000571f000000)]
  0x0000024c428bc9e0 JavaThread "jar transforms" [_thread_blocked, id=5092, stack(0x000000571f100000,0x000000571f200000)]
  0x0000024c428beb90 JavaThread "jar transforms Thread 2" [_thread_blocked, id=15264, stack(0x000000571f200000,0x000000571f300000)]
  0x0000024c428bf530 JavaThread "Cache worker for kotlin-dsl (C:\Users\mirel\.gradle\caches\8.2\kotlin-dsl)" [_thread_blocked, id=11532, stack(0x000000571f300000,0x000000571f400000)]
  0x0000024c428bd380 JavaThread "jar transforms Thread 3" [_thread_blocked, id=21428, stack(0x000000571f400000,0x000000571f500000)]
  0x0000024c428bdd20 JavaThread "jar transforms Thread 4" [_thread_blocked, id=6924, stack(0x000000571f500000,0x000000571f600000)]
  0x0000024c428c03a0 JavaThread "jar transforms Thread 5" [_thread_blocked, id=17580, stack(0x000000571f600000,0x000000571f700000)]
  0x0000024c428c33c0 JavaThread "jar transforms Thread 6" [_thread_blocked, id=3132, stack(0x000000571f700000,0x000000571f800000)]
  0x0000024c428c2080 JavaThread "Cache worker for dependencies-accessors (C:\Users\mirel\AndroidStudioProjects\HabitTracker\.gradle\8.2\dependencies-accessors)" [_thread_blocked, id=17656, stack(0x000000571f800000,0x000000571f900000)]
  0x0000024c428c0870 JavaThread "Cache worker for Build Output Cleanup Cache (C:\Users\mirel\AndroidStudioProjects\HabitTracker\.gradle\buildOutputCleanup)" [_thread_blocked, id=10872, stack(0x000000571f900000,0x000000571fa00000)]
  0x0000024c428c0d40 JavaThread "jar transforms Thread 7" [_thread_blocked, id=11496, stack(0x000000571fa00000,0x000000571fb00000)]
  0x0000024c428c1210 JavaThread "jar transforms Thread 8" [_thread_blocked, id=16180, stack(0x000000571fb00000,0x000000571fc00000)]

Other Threads:
  0x0000024c3b3b60d0 VMThread "VM Thread" [stack: 0x000000571c100000,0x000000571c200000] [id=12860]
  0x0000024c3b654b60 WatcherThread [stack: 0x000000571cd00000,0x000000571ce00000] [id=5996]
  0x0000024c1f00fc10 GCTaskThread "GC Thread#0" [stack: 0x000000571bc00000,0x000000571bd00000] [id=18912]
  0x0000024c404a7b70 GCTaskThread "GC Thread#1" [stack: 0x000000571d000000,0x000000571d100000] [id=14152]
  0x0000024c412a58b0 GCTaskThread "GC Thread#2" [stack: 0x000000571d100000,0x000000571d200000] [id=2312]
  0x0000024c412a5b60 GCTaskThread "GC Thread#3" [stack: 0x000000571d200000,0x000000571d300000] [id=20752]
  0x0000024c40333290 GCTaskThread "GC Thread#4" [stack: 0x000000571d300000,0x000000571d400000] [id=6048]
  0x0000024c40333540 GCTaskThread "GC Thread#5" [stack: 0x000000571d400000,0x000000571d500000] [id=13788]
  0x0000024c41e67c70 GCTaskThread "GC Thread#6" [stack: 0x000000571df00000,0x000000571e000000] [id=11824]
  0x0000024c418d5390 GCTaskThread "GC Thread#7" [stack: 0x000000571e000000,0x000000571e100000] [id=9932]
  0x0000024c41e59c50 GCTaskThread "GC Thread#8" [stack: 0x000000571e100000,0x000000571e200000] [id=21448]
  0x0000024c40b0d840 GCTaskThread "GC Thread#9" [stack: 0x000000571e200000,0x000000571e300000] [id=18452]
  0x0000024c1f020a60 ConcurrentGCThread "G1 Main Marker" [stack: 0x000000571bd00000,0x000000571be00000] [id=8332]
  0x0000024c1f021b20 ConcurrentGCThread "G1 Conc#0" [stack: 0x000000571be00000,0x000000571bf00000] [id=18412]
  0x0000024c41890da0 ConcurrentGCThread "G1 Conc#1" [stack: 0x000000571e300000,0x000000571e400000] [id=1416]
  0x0000024c41809df0 ConcurrentGCThread "G1 Conc#2" [stack: 0x000000571e400000,0x000000571e500000] [id=19112]
  0x0000024c3b0e99b0 ConcurrentGCThread "G1 Refine#0" [stack: 0x000000571bf00000,0x000000571c000000] [id=21676]
  0x0000024c42444c10 ConcurrentGCThread "G1 Refine#1" [stack: 0x000000571f000000,0x000000571f100000] [id=22096]
  0x0000024c3b0ea2e0 ConcurrentGCThread "G1 Service" [stack: 0x000000571c000000,0x000000571c100000] [id=17724]

Threads with active compile tasks:

VM state: not at safepoint (normal execution)

VM Mutex/Monitor currently owned by a thread: None

Heap address: 0x0000000080000000, size: 2048 MB, Compressed Oops mode: 32-bit

CDS archive(s) not mapped
Compressed class space mapped at: 0x0000000100000000-0x0000000140000000, reserved size: 1073741824
Narrow klass base: 0x0000000000000000, Narrow klass shift: 3, Narrow klass range: 0x140000000

GC Precious Log:
 CPUs: 12 total, 12 available
 Memory: 16229M
 Large Page Support: Disabled
 NUMA Support: Disabled
 Compressed Oops: Enabled (32-bit)
 Heap Region Size: 1M
 Heap Min Capacity: 8M
 Heap Initial Capacity: 254M
 Heap Max Capacity: 2G
 Pre-touch: Disabled
 Parallel Workers: 10
 Concurrent Workers: 3
 Concurrent Refinement Workers: 10
 Periodic GC: Disabled

Heap:
 garbage-first heap   total 82944K, used 45677K [0x0000000080000000, 0x0000000100000000)
  region size 1024K, 16 young (16384K), 4 survivors (4096K)
 Metaspace       used 53493K, committed 53952K, reserved 1114112K
  class space    used 7214K, committed 7424K, reserved 1048576K

Heap Regions: E=young(eden), S=young(survivor), O=old, HS=humongous(starts), HC=humongous(continues), CS=collection set, F=free, OA=open archive, CA=closed archive, TAMS=top-at-mark-start (previous, next)
|   0|0x0000000080000000, 0x0000000080100000, 0x0000000080100000|100%|HS|  |TAMS 0x0000000080100000, 0x0000000080000000| Complete 
|   1|0x0000000080100000, 0x0000000080200000, 0x0000000080200000|100%|HC|  |TAMS 0x0000000080200000, 0x0000000080100000| Complete 
|   2|0x0000000080200000, 0x0000000080300000, 0x0000000080300000|100%|HC|  |TAMS 0x0000000080300000, 0x0000000080200000| Complete 
|   3|0x0000000080300000, 0x0000000080400000, 0x0000000080400000|100%|HC|  |TAMS 0x0000000080400000, 0x0000000080300000| Complete 
|   4|0x0000000080400000, 0x0000000080500000, 0x0000000080500000|100%| O|  |TAMS 0x0000000080500000, 0x0000000080400000| Untracked 
|   5|0x0000000080500000, 0x0000000080600000, 0x0000000080600000|100%| O|  |TAMS 0x0000000080600000, 0x0000000080500000| Untracked 
|   6|0x0000000080600000, 0x0000000080700000, 0x0000000080700000|100%| O|  |TAMS 0x0000000080700000, 0x0000000080600000| Untracked 
|   7|0x0000000080700000, 0x0000000080800000, 0x0000000080800000|100%| O|  |TAMS 0x0000000080800000, 0x0000000080700000| Untracked 
|   8|0x0000000080800000, 0x0000000080900000, 0x0000000080900000|100%| O|  |TAMS 0x0000000080900000, 0x0000000080800000| Untracked 
|   9|0x0000000080900000, 0x0000000080a00000, 0x0000000080a00000|100%| O|  |TAMS 0x0000000080a00000, 0x0000000080900000| Untracked 
|  10|0x0000000080a00000, 0x0000000080b00000, 0x0000000080b00000|100%| O|  |TAMS 0x0000000080b00000, 0x0000000080a00000| Untracked 
|  11|0x0000000080b00000, 0x0000000080b51600, 0x0000000080c00000| 31%| O|  |TAMS 0x0000000080b51600, 0x0000000080b00000| Untracked 
|  12|0x0000000080c00000, 0x0000000080d00000, 0x0000000080d00000|100%| O|  |TAMS 0x0000000080d00000, 0x0000000080c00000| Untracked 
|  13|0x0000000080d00000, 0x0000000080e00000, 0x0000000080e00000|100%| O|  |TAMS 0x0000000080e00000, 0x0000000080d00000| Untracked 
|  14|0x0000000080e00000, 0x0000000080f00000, 0x0000000080f00000|100%| O|  |TAMS 0x0000000080f00000, 0x0000000080e00000| Untracked 
|  15|0x0000000080f00000, 0x0000000081000000, 0x0000000081000000|100%| O|  |TAMS 0x0000000081000000, 0x0000000080f00000| Untracked 
|  16|0x0000000081000000, 0x0000000081100000, 0x0000000081100000|100%| O|  |TAMS 0x0000000081100000, 0x0000000081000000| Untracked 
|  17|0x0000000081100000, 0x0000000081200000, 0x0000000081200000|100%| O|  |TAMS 0x0000000081200000, 0x0000000081100000| Untracked 
|  18|0x0000000081200000, 0x0000000081300000, 0x0000000081300000|100%| O|  |TAMS 0x0000000081300000, 0x0000000081200000| Untracked 
|  19|0x0000000081300000, 0x0000000081400000, 0x0000000081400000|100%| O|  |TAMS 0x0000000081400000, 0x0000000081300000| Untracked 
|  20|0x0000000081400000, 0x0000000081500000, 0x0000000081500000|100%| O|  |TAMS 0x00000000814bd600, 0x0000000081400000| Untracked 
|  21|0x0000000081500000, 0x0000000081600000, 0x0000000081600000|100%| O|  |TAMS 0x0000000081500000, 0x0000000081500000| Untracked 
|  22|0x0000000081600000, 0x0000000081700000, 0x0000000081700000|100%| O|  |TAMS 0x0000000081600000, 0x0000000081600000| Untracked 
|  23|0x0000000081700000, 0x0000000081800000, 0x0000000081800000|100%| O|  |TAMS 0x0000000081700000, 0x0000000081700000| Untracked 
|  24|0x0000000081800000, 0x00000000818d6e00, 0x0000000081900000| 83%| O|  |TAMS 0x0000000081800000, 0x0000000081800000| Untracked 
|  25|0x0000000081900000, 0x0000000081900000, 0x0000000081a00000|  0%| F|  |TAMS 0x0000000081900000, 0x0000000081900000| Untracked 
|  26|0x0000000081a00000, 0x0000000081b00000, 0x0000000081b00000|100%| O|  |TAMS 0x0000000081a00000, 0x0000000081a00000| Untracked 
|  27|0x0000000081b00000, 0x0000000081c00000, 0x0000000081c00000|100%| O|  |TAMS 0x0000000081b00000, 0x0000000081b00000| Untracked 
|  28|0x0000000081c00000, 0x0000000081c00000, 0x0000000081d00000|  0%| F|  |TAMS 0x0000000081c00000, 0x0000000081c00000| Untracked 
|  29|0x0000000081d00000, 0x0000000081e00000, 0x0000000081e00000|100%| O|  |TAMS 0x0000000081d00000, 0x0000000081d00000| Untracked 
|  30|0x0000000081e00000, 0x0000000081f00000, 0x0000000081f00000|100%| O|  |TAMS 0x0000000081e00000, 0x0000000081e00000| Untracked 
|  31|0x0000000081f00000, 0x0000000082000000, 0x0000000082000000|100%| O|  |TAMS 0x0000000081f00000, 0x0000000081f00000| Untracked 
|  32|0x0000000082000000, 0x0000000082100000, 0x0000000082100000|100%| O|  |TAMS 0x0000000082000000, 0x0000000082000000| Untracked 
|  33|0x0000000082100000, 0x0000000082100000, 0x0000000082200000|  0%| F|  |TAMS 0x0000000082100000, 0x0000000082100000| Untracked 
|  34|0x0000000082200000, 0x0000000082200000, 0x0000000082300000|  0%| F|  |TAMS 0x0000000082200000, 0x0000000082200000| Untracked 
|  35|0x0000000082300000, 0x0000000082300000, 0x0000000082400000|  0%| F|  |TAMS 0x0000000082300000, 0x0000000082300000| Untracked 
|  36|0x0000000082400000, 0x0000000082400000, 0x0000000082500000|  0%| F|  |TAMS 0x0000000082400000, 0x0000000082400000| Untracked 
|  37|0x0000000082500000, 0x0000000082500000, 0x0000000082600000|  0%| F|  |TAMS 0x0000000082500000, 0x0000000082500000| Untracked 
|  38|0x0000000082600000, 0x0000000082600000, 0x0000000082700000|  0%| F|  |TAMS 0x0000000082600000, 0x0000000082600000| Untracked 
|  39|0x0000000082700000, 0x0000000082700000, 0x0000000082800000|  0%| F|  |TAMS 0x0000000082700000, 0x0000000082700000| Untracked 
|  40|0x0000000082800000, 0x0000000082800000, 0x0000000082900000|  0%| F|  |TAMS 0x0000000082800000, 0x0000000082800000| Untracked 
|  41|0x0000000082900000, 0x0000000082900000, 0x0000000082a00000|  0%| F|  |TAMS 0x0000000082900000, 0x0000000082900000| Untracked 
|  42|0x0000000082a00000, 0x0000000082a00000, 0x0000000082b00000|  0%| F|  |TAMS 0x0000000082a00000, 0x0000000082a00000| Untracked 
|  43|0x0000000082b00000, 0x0000000082b733f0, 0x0000000082c00000| 45%| S|CS|TAMS 0x0000000082b00000, 0x0000000082b00000| Complete 
|  44|0x0000000082c00000, 0x0000000082d00000, 0x0000000082d00000|100%| S|CS|TAMS 0x0000000082c00000, 0x0000000082c00000| Complete 
|  45|0x0000000082d00000, 0x0000000082e00000, 0x0000000082e00000|100%| S|CS|TAMS 0x0000000082d00000, 0x0000000082d00000| Complete 
|  46|0x0000000082e00000, 0x0000000082e00000, 0x0000000082f00000|  0%| F|  |TAMS 0x0000000082e00000, 0x0000000082e00000| Untracked 
|  47|0x0000000082f00000, 0x0000000082f00000, 0x0000000083000000|  0%| F|  |TAMS 0x0000000082f00000, 0x0000000082f00000| Untracked 
|  48|0x0000000083000000, 0x0000000083000000, 0x0000000083100000|  0%| F|  |TAMS 0x0000000083000000, 0x0000000083000000| Untracked 
|  49|0x0000000083100000, 0x0000000083200000, 0x0000000083200000|100%| S|CS|TAMS 0x0000000083100000, 0x0000000083100000| Complete 
|  50|0x0000000083200000, 0x0000000083200000, 0x0000000083300000|  0%| F|  |TAMS 0x0000000083200000, 0x0000000083200000| Untracked 
|  51|0x0000000083300000, 0x0000000083300000, 0x0000000083400000|  0%| F|  |TAMS 0x0000000083300000, 0x0000000083300000| Untracked 
|  52|0x0000000083400000, 0x0000000083400000, 0x0000000083500000|  0%| F|  |TAMS 0x0000000083400000, 0x0000000083400000| Untracked 
|  53|0x0000000083500000, 0x0000000083500000, 0x0000000083600000|  0%| F|  |TAMS 0x0000000083500000, 0x0000000083500000| Untracked 
|  54|0x0000000083600000, 0x0000000083600000, 0x0000000083700000|  0%| F|  |TAMS 0x0000000083600000, 0x0000000083600000| Untracked 
|  55|0x0000000083700000, 0x0000000083700000, 0x0000000083800000|  0%| F|  |TAMS 0x0000000083700000, 0x0000000083700000| Untracked 
|  56|0x0000000083800000, 0x0000000083800000, 0x0000000083900000|  0%| F|  |TAMS 0x0000000083800000, 0x0000000083800000| Untracked 
|  57|0x0000000083900000, 0x0000000083900000, 0x0000000083a00000|  0%| F|  |TAMS 0x0000000083900000, 0x0000000083900000| Untracked 
|  58|0x0000000083a00000, 0x0000000083a00000, 0x0000000083b00000|  0%| F|  |TAMS 0x0000000083a00000, 0x0000000083a00000| Untracked 
|  59|0x0000000083b00000, 0x0000000083b00000, 0x0000000083c00000|  0%| F|  |TAMS 0x0000000083b00000, 0x0000000083b00000| Untracked 
|  60|0x0000000083c00000, 0x0000000083c00000, 0x0000000083d00000|  0%| F|  |TAMS 0x0000000083c00000, 0x0000000083c00000| Untracked 
|  61|0x0000000083d00000, 0x0000000083d00000, 0x0000000083e00000|  0%| F|  |TAMS 0x0000000083d00000, 0x0000000083d00000| Untracked 
|  62|0x0000000083e00000, 0x0000000083e00000, 0x0000000083f00000|  0%| F|  |TAMS 0x0000000083e00000, 0x0000000083e00000| Untracked 
|  63|0x0000000083f00000, 0x0000000083f00000, 0x0000000084000000|  0%| F|  |TAMS 0x0000000083f00000, 0x0000000083f00000| Untracked 
|  64|0x0000000084000000, 0x0000000084000000, 0x0000000084100000|  0%| F|  |TAMS 0x0000000084000000, 0x0000000084000000| Untracked 
|  65|0x0000000084100000, 0x0000000084100000, 0x0000000084200000|  0%| F|  |TAMS 0x0000000084100000, 0x0000000084100000| Untracked 
|  66|0x0000000084200000, 0x0000000084200000, 0x0000000084300000|  0%| F|  |TAMS 0x0000000084200000, 0x0000000084200000| Untracked 
|  67|0x0000000084300000, 0x0000000084300000, 0x0000000084400000|  0%| F|  |TAMS 0x0000000084300000, 0x0000000084300000| Untracked 
|  68|0x0000000084400000, 0x0000000084400000, 0x0000000084500000|  0%| F|  |TAMS 0x0000000084400000, 0x0000000084400000| Untracked 
|  69|0x0000000084500000, 0x0000000084600000, 0x0000000084600000|100%| E|  |TAMS 0x0000000084500000, 0x0000000084500000| Complete 
|  70|0x0000000084600000, 0x0000000084700000, 0x0000000084700000|100%| E|CS|TAMS 0x0000000084600000, 0x0000000084600000| Complete 
|  71|0x0000000084700000, 0x0000000084800000, 0x0000000084800000|100%| E|CS|TAMS 0x0000000084700000, 0x0000000084700000| Complete 
| 198|0x000000008c600000, 0x000000008c700000, 0x000000008c700000|100%| E|CS|TAMS 0x000000008c600000, 0x000000008c600000| Complete 
| 199|0x000000008c700000, 0x000000008c800000, 0x000000008c800000|100%| E|CS|TAMS 0x000000008c700000, 0x000000008c700000| Complete 
| 200|0x000000008c800000, 0x000000008c900000, 0x000000008c900000|100%| E|CS|TAMS 0x000000008c800000, 0x000000008c800000| Complete 
| 201|0x000000008c900000, 0x000000008ca00000, 0x000000008ca00000|100%| E|CS|TAMS 0x000000008c900000, 0x000000008c900000| Complete 
| 202|0x000000008ca00000, 0x000000008cb00000, 0x000000008cb00000|100%| E|CS|TAMS 0x000000008ca00000, 0x000000008ca00000| Complete 
| 203|0x000000008cb00000, 0x000000008cc00000, 0x000000008cc00000|100%| E|CS|TAMS 0x000000008cb00000, 0x000000008cb00000| Complete 
| 204|0x000000008cc00000, 0x000000008cd00000, 0x000000008cd00000|100%| E|CS|TAMS 0x000000008cc00000, 0x000000008cc00000| Complete 
| 205|0x000000008cd00000, 0x000000008ce00000, 0x000000008ce00000|100%| E|CS|TAMS 0x000000008cd00000, 0x000000008cd00000| Complete 
| 253|0x000000008fd00000, 0x000000008fe00000, 0x000000008fe00000|100%| E|CS|TAMS 0x000000008fd00000, 0x000000008fd00000| Complete 

Card table byte_map: [0x0000024c33d30000,0x0000024c34130000] _byte_map_base: 0x0000024c33930000

Marking Bits (Prev, Next): (CMBitMap*) 0x0000024c1f010130, (CMBitMap*) 0x0000024c1f010170
 Prev Bits: [0x0000024c34530000, 0x0000024c36530000)
 Next Bits: [0x0000024c36530000, 0x0000024c38530000)

Polling page: 0x0000024c1ed90000

Metaspace:

Usage:
  Non-class:     45.19 MB used.
      Class:      7.05 MB used.
       Both:     52.24 MB used.

Virtual space:
  Non-class space:       64.00 MB reserved,      45.44 MB ( 71%) committed,  1 nodes.
      Class space:        1.00 GB reserved,       7.25 MB ( <1%) committed,  1 nodes.
             Both:        1.06 GB reserved,      52.69 MB (  5%) committed. 

Chunk freelists:
   Non-Class:  2.02 MB
       Class:  8.72 MB
        Both:  10.73 MB

MaxMetaspaceSize: unlimited
CompressedClassSpaceSize: 1.00 GB
Initial GC threshold: 21.00 MB
Current GC threshold: 58.69 MB
CDS: off
MetaspaceReclaimPolicy: balanced
 - commit_granule_bytes: 65536.
 - commit_granule_words: 8192.
 - virtual_space_node_default_size: 8388608.
 - enlarge_chunks_in_place: 1.
 - new_chunks_are_fully_committed: 0.
 - uncommit_free_chunks: 1.
 - use_allocation_guard: 0.
 - handle_deallocations: 1.


Internal statistics:

num_allocs_failed_limit: 6.
num_arena_births: 574.
num_arena_deaths: 0.
num_vsnodes_births: 2.
num_vsnodes_deaths: 0.
num_space_committed: 843.
num_space_uncommitted: 0.
num_chunks_returned_to_freelist: 6.
num_chunks_taken_from_freelist: 2255.
num_chunk_merges: 3.
num_chunk_splits: 1528.
num_chunks_enlarged: 1072.
num_inconsistent_stats: 0.

CodeHeap 'non-profiled nmethods': size=120000Kb used=3185Kb max_used=3185Kb free=116815Kb
 bounds [0x0000024c2b780000, 0x0000024c2baa0000, 0x0000024c32cb0000]
CodeHeap 'profiled nmethods': size=120000Kb used=9805Kb max_used=9805Kb free=110194Kb
 bounds [0x0000024c23cb0000, 0x0000024c24650000, 0x0000024c2b1e0000]
CodeHeap 'non-nmethods': size=5760Kb used=2313Kb max_used=2385Kb free=3446Kb
 bounds [0x0000024c2b1e0000, 0x0000024c2b450000, 0x0000024c2b780000]
 total_blobs=5886 nmethods=5058 adapters=740
 compilation: enabled
              stopped_count=0, restarted_count=0
 full_count=0

Compilation events (20 events):
Event: 4.094 Thread 0x0000024c3b412250 5048       3       com.google.common.collect.ImmutableSet::chooseTableSize (61 bytes)
Event: 4.094 Thread 0x0000024c435969b0 nmethod 5047 0x0000024c2ba9ab90 code [0x0000024c2ba9ad00, 0x0000024c2ba9ad78]
Event: 4.094 Thread 0x0000024c3b412250 nmethod 5048 0x0000024c2463d510 code [0x0000024c2463d740, 0x0000024c2463dd78]
Event: 4.094 Thread 0x0000024c3b412250 5049       3       org.gradle.internal.resolve.result.DefaultBuildableModuleComponentMetaDataResolveResult::assertHasResult (18 bytes)
Event: 4.094 Thread 0x0000024c3b412250 nmethod 5049 0x0000024c2463df90 code [0x0000024c2463e140, 0x0000024c2463e428]
Event: 4.094 Thread 0x0000024c3b412250 5050       3       org.gradle.internal.component.external.model.AbstractLazyModuleComponentResolveMetadata::getAttributesFactory (5 bytes)
Event: 4.094 Thread 0x0000024c3b412250 nmethod 5050 0x0000024c2463e590 code [0x0000024c2463e720, 0x0000024c2463e838]
Event: 4.094 Thread 0x0000024c3b412250 5051       3       org.gradle.api.internal.artifacts.ivyservice.modulecache.AbstractModuleMetadataCache::getCachedModuleDescriptor (13 bytes)
Event: 4.095 Thread 0x0000024c3b412250 nmethod 5051 0x0000024c2463e910 code [0x0000024c2463eb00, 0x0000024c2463f178]
Event: 4.095 Thread 0x0000024c3b412250 5052       3       org.gradle.api.internal.artifacts.ivyservice.modulecache.AbstractModuleMetadataCache::createKey (15 bytes)
Event: 4.095 Thread 0x0000024c3b412250 nmethod 5052 0x0000024c2463f390 code [0x0000024c2463f580, 0x0000024c2463fa48]
Event: 4.095 Thread 0x0000024c3b412250 5053       3       org.gradle.api.internal.artifacts.ivyservice.modulecache.ModuleComponentAtRepositoryKey::<init> (31 bytes)
Event: 4.095 Thread 0x0000024c3b412250 nmethod 5053 0x0000024c2463fc10 code [0x0000024c2463fde0, 0x0000024c24640118]
Event: 4.095 Thread 0x0000024c3b412250 5054       3       org.gradle.api.internal.artifacts.ivyservice.modulecache.InMemoryModuleMetadataCache::get (52 bytes)
Event: 4.095 Thread 0x0000024c3b412250 nmethod 5054 0x0000024c24640290 code [0x0000024c24640460, 0x0000024c246409a8]
Event: 4.095 Thread 0x0000024c3b40fed0 5055       4       org.gradle.api.internal.artifacts.ivyservice.modulecache.StringDeduplicatingDecoder::readSmallInt (10 bytes)
Event: 4.095 Thread 0x0000024c40044010 5056       4       com.google.common.collect.ImmutableList::asImmutableList (69 bytes)
Event: 4.095 Thread 0x0000024c3b412250 5057       3       org.gradle.api.internal.artifacts.ivyservice.resolutionstrategy.DefaultCachePolicy::mustRefreshModule (24 bytes)
Event: 4.096 Thread 0x0000024c3b412250 nmethod 5057 0x0000024c24640b10 code [0x0000024c24640ce0, 0x0000024c246410d8]
Event: 4.096 Thread 0x0000024c3b412250 5058       3       org.gradle.api.internal.artifacts.ivyservice.resolutionstrategy.DefaultCachePolicy::mustRefreshModule (93 bytes)

GC Heap History (20 events):
Event: 1.379 GC heap before
{Heap before GC invocations=2 (full 0):
 garbage-first heap   total 260096K, used 58075K [0x0000000080000000, 0x0000000100000000)
  region size 1024K, 48 young (49152K), 3 survivors (3072K)
 Metaspace       used 21286K, committed 21504K, reserved 1114112K
  class space    used 2570K, committed 2624K, reserved 1048576K
}
Event: 1.382 GC heap after
{Heap after GC invocations=3 (full 0):
 garbage-first heap   total 260096K, used 18592K [0x0000000080000000, 0x0000000100000000)
  region size 1024K, 8 young (8192K), 8 survivors (8192K)
 Metaspace       used 21286K, committed 21504K, reserved 1114112K
  class space    used 2570K, committed 2624K, reserved 1048576K
}
Event: 1.743 GC heap before
{Heap before GC invocations=4 (full 0):
 garbage-first heap   total 68608K, used 50336K [0x0000000080000000, 0x0000000100000000)
  region size 1024K, 40 young (40960K), 8 survivors (8192K)
 Metaspace       used 25944K, committed 26176K, reserved 1114112K
  class space    used 3391K, committed 3520K, reserved 1048576K
}
Event: 1.746 GC heap after
{Heap after GC invocations=5 (full 0):
 garbage-first heap   total 68608K, used 20963K [0x0000000080000000, 0x0000000100000000)
  region size 1024K, 3 young (3072K), 3 survivors (3072K)
 Metaspace       used 25944K, committed 26176K, reserved 1114112K
  class space    used 3391K, committed 3520K, reserved 1048576K
}
Event: 1.979 GC heap before
{Heap before GC invocations=5 (full 0):
 garbage-first heap   total 68608K, used 47587K [0x0000000080000000, 0x0000000100000000)
  region size 1024K, 29 young (29696K), 3 survivors (3072K)
 Metaspace       used 29709K, committed 29952K, reserved 1114112K
  class space    used 3992K, committed 4096K, reserved 1048576K
}
Event: 1.980 GC heap after
{Heap after GC invocations=6 (full 0):
 garbage-first heap   total 68608K, used 22083K [0x0000000080000000, 0x0000000100000000)
  region size 1024K, 4 young (4096K), 4 survivors (4096K)
 Metaspace       used 29709K, committed 29952K, reserved 1114112K
  class space    used 3992K, committed 4096K, reserved 1048576K
}
Event: 2.220 GC heap before
{Heap before GC invocations=6 (full 0):
 garbage-first heap   total 68608K, used 48707K [0x0000000080000000, 0x0000000100000000)
  region size 1024K, 31 young (31744K), 4 survivors (4096K)
 Metaspace       used 33316K, committed 33600K, reserved 1114112K
  class space    used 4573K, committed 4672K, reserved 1048576K
}
Event: 2.222 GC heap after
{Heap after GC invocations=7 (full 0):
 garbage-first heap   total 68608K, used 23385K [0x0000000080000000, 0x0000000100000000)
  region size 1024K, 3 young (3072K), 3 survivors (3072K)
 Metaspace       used 33316K, committed 33600K, reserved 1114112K
  class space    used 4573K, committed 4672K, reserved 1048576K
}
Event: 2.350 GC heap before
{Heap before GC invocations=7 (full 0):
 garbage-first heap   total 68608K, used 35673K [0x0000000080000000, 0x0000000100000000)
  region size 1024K, 16 young (16384K), 3 survivors (3072K)
 Metaspace       used 35590K, committed 35968K, reserved 1114112K
  class space    used 4933K, committed 5120K, reserved 1048576K
}
Event: 2.352 GC heap after
{Heap after GC invocations=8 (full 0):
 garbage-first heap   total 68608K, used 24527K [0x0000000080000000, 0x0000000100000000)
  region size 1024K, 3 young (3072K), 3 survivors (3072K)
 Metaspace       used 35590K, committed 35968K, reserved 1114112K
  class space    used 4933K, committed 5120K, reserved 1048576K
}
Event: 2.587 GC heap before
{Heap before GC invocations=9 (full 0):
 garbage-first heap   total 68608K, used 50127K [0x0000000080000000, 0x0000000100000000)
  region size 1024K, 29 young (29696K), 3 survivors (3072K)
 Metaspace       used 41109K, committed 41472K, reserved 1114112K
  class space    used 5474K, committed 5632K, reserved 1048576K
}
Event: 2.590 GC heap after
{Heap after GC invocations=10 (full 0):
 garbage-first heap   total 68608K, used 27881K [0x0000000080000000, 0x0000000100000000)
  region size 1024K, 4 young (4096K), 4 survivors (4096K)
 Metaspace       used 41109K, committed 41472K, reserved 1114112K
  class space    used 5474K, committed 5632K, reserved 1048576K
}
Event: 2.750 GC heap before
{Heap before GC invocations=10 (full 0):
 garbage-first heap   total 68608K, used 56553K [0x0000000080000000, 0x0000000100000000)
  region size 1024K, 28 young (28672K), 4 survivors (4096K)
 Metaspace       used 43069K, committed 43392K, reserved 1114112K
  class space    used 5641K, committed 5760K, reserved 1048576K
}
Event: 2.751 GC heap after
{Heap after GC invocations=11 (full 0):
 garbage-first heap   total 68608K, used 30064K [0x0000000080000000, 0x0000000100000000)
  region size 1024K, 3 young (3072K), 3 survivors (3072K)
 Metaspace       used 43069K, committed 43392K, reserved 1114112K
  class space    used 5641K, committed 5760K, reserved 1048576K
}
Event: 2.982 GC heap before
{Heap before GC invocations=11 (full 0):
 garbage-first heap   total 68608K, used 53616K [0x0000000080000000, 0x0000000100000000)
  region size 1024K, 25 young (25600K), 3 survivors (3072K)
 Metaspace       used 45065K, committed 45504K, reserved 1114112K
  class space    used 5848K, committed 6016K, reserved 1048576K
}
Event: 2.984 GC heap after
{Heap after GC invocations=12 (full 0):
 garbage-first heap   total 82944K, used 31056K [0x0000000080000000, 0x0000000100000000)
  region size 1024K, 2 young (2048K), 2 survivors (2048K)
 Metaspace       used 45065K, committed 45504K, reserved 1114112K
  class space    used 5848K, committed 6016K, reserved 1048576K
}
Event: 3.481 GC heap before
{Heap before GC invocations=12 (full 0):
 garbage-first heap   total 82944K, used 63824K [0x0000000080000000, 0x0000000100000000)
  region size 1024K, 34 young (34816K), 2 survivors (2048K)
 Metaspace       used 48775K, committed 49280K, reserved 1114112K
  class space    used 6495K, committed 6720K, reserved 1048576K
}
Event: 3.483 GC heap after
{Heap after GC invocations=13 (full 0):
 garbage-first heap   total 82944K, used 32956K [0x0000000080000000, 0x0000000100000000)
  region size 1024K, 3 young (3072K), 3 survivors (3072K)
 Metaspace       used 48775K, committed 49280K, reserved 1114112K
  class space    used 6495K, committed 6720K, reserved 1048576K
}
Event: 3.868 GC heap before
{Heap before GC invocations=13 (full 0):
 garbage-first heap   total 82944K, used 64700K [0x0000000080000000, 0x0000000100000000)
  region size 1024K, 34 young (34816K), 3 survivors (3072K)
 Metaspace       used 52636K, committed 53120K, reserved 1114112K
  class space    used 7102K, committed 7296K, reserved 1048576K
}
Event: 3.871 GC heap after
{Heap after GC invocations=14 (full 0):
 garbage-first heap   total 82944K, used 34413K [0x0000000080000000, 0x0000000100000000)
  region size 1024K, 4 young (4096K), 4 survivors (4096K)
 Metaspace       used 52636K, committed 53120K, reserved 1114112K
  class space    used 7102K, committed 7296K, reserved 1048576K
}

Dll operation events (3 events):
Event: 0.004 Loaded shared library C:\Program Files\Android\Android Studio\jbr\bin\java.dll
Event: 0.098 Loaded shared library C:\Program Files\Android\Android Studio\jbr\bin\zip.dll
Event: 0.249 Loaded shared library C:\Program Files\Android\Android Studio\jbr\bin\verify.dll

Deoptimization events (20 events):
Event: 3.720 Thread 0x0000024c40da92a0 DEOPT PACKING pc=0x0000024c2b8e36d8 sp=0x000000571dbf9a20
Event: 3.720 Thread 0x0000024c40da92a0 DEOPT UNPACKING pc=0x0000024c2b2369a3 sp=0x000000571dbf99c8 mode 2
Event: 3.720 Thread 0x0000024c40da92a0 Uncommon trap: trap_request=0xffffffc6 fr.pc=0x0000024c2b8e36d8 relative=0x0000000000000218
Event: 3.720 Thread 0x0000024c40da92a0 Uncommon trap: reason=bimorphic_or_optimized_type_check action=maybe_recompile pc=0x0000024c2b8e36d8 method=com.google.common.base.CharMatcher.indexIn(Ljava/lang/CharSequence;I)I @ 31 c2
Event: 3.720 Thread 0x0000024c40da92a0 DEOPT PACKING pc=0x0000024c2b8e36d8 sp=0x000000571dbf9a20
Event: 3.720 Thread 0x0000024c40da92a0 DEOPT UNPACKING pc=0x0000024c2b2369a3 sp=0x000000571dbf99c8 mode 2
Event: 3.720 Thread 0x0000024c40da92a0 Uncommon trap: trap_request=0xffffffc6 fr.pc=0x0000024c2b8e36d8 relative=0x0000000000000218
Event: 3.720 Thread 0x0000024c40da92a0 Uncommon trap: reason=bimorphic_or_optimized_type_check action=maybe_recompile pc=0x0000024c2b8e36d8 method=com.google.common.base.CharMatcher.indexIn(Ljava/lang/CharSequence;I)I @ 31 c2
Event: 3.720 Thread 0x0000024c40da92a0 DEOPT PACKING pc=0x0000024c2b8e36d8 sp=0x000000571dbf9a20
Event: 3.720 Thread 0x0000024c40da92a0 DEOPT UNPACKING pc=0x0000024c2b2369a3 sp=0x000000571dbf99c8 mode 2
Event: 3.725 Thread 0x0000024c40da92a0 Uncommon trap: trap_request=0xffffffc6 fr.pc=0x0000024c2b8e36d8 relative=0x0000000000000218
Event: 3.725 Thread 0x0000024c40da92a0 Uncommon trap: reason=bimorphic_or_optimized_type_check action=maybe_recompile pc=0x0000024c2b8e36d8 method=com.google.common.base.CharMatcher.indexIn(Ljava/lang/CharSequence;I)I @ 31 c2
Event: 3.725 Thread 0x0000024c40da92a0 DEOPT PACKING pc=0x0000024c2b8e36d8 sp=0x000000571dbf9080
Event: 3.725 Thread 0x0000024c40da92a0 DEOPT UNPACKING pc=0x0000024c2b2369a3 sp=0x000000571dbf9028 mode 2
Event: 4.007 Thread 0x0000024c40da92a0 DEOPT PACKING pc=0x0000024c23d74643 sp=0x000000571dbf7a20
Event: 4.007 Thread 0x0000024c40da92a0 DEOPT UNPACKING pc=0x0000024c2b237143 sp=0x000000571dbf6f40 mode 0
Event: 4.007 Thread 0x0000024c40da92a0 Uncommon trap: trap_request=0xffffff45 fr.pc=0x0000024c2b7adde4 relative=0x0000000000000064
Event: 4.007 Thread 0x0000024c40da92a0 Uncommon trap: reason=unstable_if action=reinterpret pc=0x0000024c2b7adde4 method=java.io.WinNTFileSystem.isSlash(C)Z @ 9 c2
Event: 4.007 Thread 0x0000024c40da92a0 DEOPT PACKING pc=0x0000024c2b7adde4 sp=0x000000571dbf7a40
Event: 4.007 Thread 0x0000024c40da92a0 DEOPT UNPACKING pc=0x0000024c2b2369a3 sp=0x000000571dbf79c8 mode 2

Classes unloaded (0 events):
No events

Classes redefined (0 events):
No events

Internal exceptions (20 events):
Event: 3.250 Thread 0x0000024c40da92a0 Exception <a 'java/lang/IncompatibleClassChangeError'{0x00000000840f18e0}: Found class java.lang.Object, but interface was expected> (0x00000000840f18e0) 
thrown [s\src\hotspot\share\interpreter\linkResolver.cpp, line 838]
Event: 3.274 Thread 0x0000024c40da92a0 Exception <a 'java/lang/NoSuchMethodError'{0x0000000083eb1c70}: 'java.lang.Object java.lang.invoke.DirectMethodHandle$Holder.newInvokeSpecial(java.lang.Object, int, java.lang.Object)'> (0x0000000083eb1c70) 
thrown [s\src\hotspot\share\interpreter\linkResolver.cpp, line 771]
Event: 3.484 Thread 0x0000024c4102de40 Exception <a 'java/lang/NoSuchMethodError'{0x000000008fd8b058}: static Lorg/gradle/internal/build/event/types/DefaultOperationStartedProgressEvent;.<clinit>()V> (0x000000008fd8b058) 
thrown [s\src\hotspot\share\prims\jni.cpp, line 1108]
Event: 3.484 Thread 0x0000024c4102de40 Exception <a 'java/lang/NoSuchMethodError'{0x000000008fd8d588}: static Lorg/gradle/internal/build/event/types/AbstractProgressEvent;.<clinit>()V> (0x000000008fd8d588) 
thrown [s\src\hotspot\share\prims\jni.cpp, line 1108]
Event: 3.485 Thread 0x0000024c4102de40 Exception <a 'java/lang/NoSuchMethodError'{0x000000008fda0548}: static Lorg/gradle/internal/build/event/types/DefaultProjectConfigurationDescriptor;.<clinit>()V> (0x000000008fda0548) 
thrown [s\src\hotspot\share\prims\jni.cpp, line 1108]
Event: 3.485 Thread 0x0000024c4102de40 Exception <a 'java/lang/NoSuchMethodError'{0x000000008fda2d28}: static Lorg/gradle/internal/build/event/types/DefaultOperationDescriptor;.<clinit>()V> (0x000000008fda2d28) 
thrown [s\src\hotspot\share\prims\jni.cpp, line 1108]
Event: 3.486 Thread 0x0000024c4102de40 Exception <a 'java/lang/NoSuchMethodError'{0x000000008fdbbb10}: static Lorg/gradle/internal/operations/OperationIdentifier;.<clinit>()V> (0x000000008fdbbb10) 
thrown [s\src\hotspot\share\prims\jni.cpp, line 1108]
Event: 3.554 Thread 0x0000024c40da92a0 Exception <a 'java/lang/NoSuchMethodError'{0x000000008c899100}: 'long java.lang.invoke.DirectMethodHandle$Holder.invokeStatic(java.lang.Object, long)'> (0x000000008c899100) 
thrown [s\src\hotspot\share\interpreter\linkResolver.cpp, line 771]
Event: 3.688 Thread 0x0000024c40da92a0 Exception <a 'java/lang/NoSuchMethodError'{0x0000000084144698}: 'java.lang.Object java.lang.invoke.DelegatingMethodHandle$Holder.reinvoke_L(java.lang.Object, java.lang.Object, java.lang.Object, java.lang.Object, java.lang.Object, java.lang.Object, java.lang.Object, java.lang.Object, java.lang.Object, java.lang.Object, java.lang.Object, java.lang.Object, java.lang.Object, java.lang.Object, java.lang.Object, java.lang.Object, java.lang.Object, java.lang.Object, java.lang.Object, java.lang.Object, java.lang.O
Event: 3.688 Thread 0x0000024c40da92a0 Exception <a 'java/lang/NoSuchMethodError'{0x000000008414fe70}: 'java.lang.Object java.lang.invoke.DirectMethodHandle$Holder.invokeSpecial(java.lang.Object, java.lang.Object, java.lang.Object, java.lang.Object, java.lang.Object, java.lang.Object, java.lang.Object, java.lang.Object, java.lang.Object, java.lang.Object, java.lang.Object, java.lang.Object, java.lang.Object, java.lang.Object, java.lang.Object, java.lang.Object, java.lang.Object, java.lang.Object, java.lang.Object, java.lang.Object, java.lang.Ob
Event: 3.689 Thread 0x0000024c40da92a0 Exception <a 'java/lang/NoSuchMethodError'{0x0000000084155ab8}: 'java.lang.Object java.lang.invoke.Invokers$Holder.invoker(java.lang.Object, java.lang.Object, java.lang.Object, java.lang.Object, java.lang.Object, java.lang.Object, java.lang.Object, java.lang.Object, java.lang.Object, java.lang.Object, java.lang.Object, java.lang.Object, java.lang.Object, java.lang.Object, java.lang.Object, java.lang.Object, java.lang.Object, java.lang.Object, java.lang.Object, java.lang.Object, java.lang.Object)'> (0x00000
Event: 3.689 Thread 0x0000024c40da92a0 Exception <a 'java/lang/NoSuchMethodError'{0x000000008415c118}: 'java.lang.Object java.lang.invoke.DelegatingMethodHandle$Holder.delegate(java.lang.Object, java.lang.Object, java.lang.Object, java.lang.Object, java.lang.Object, java.lang.Object, java.lang.Object, java.lang.Object, java.lang.Object, java.lang.Object, java.lang.Object, java.lang.Object, java.lang.Object, java.lang.Object, java.lang.Object, java.lang.Object, java.lang.Object, java.lang.Object, java.lang.Object, java.lang.Object, java.lang.Obj
Event: 3.837 Thread 0x0000024c40da92a0 Exception <a 'java/lang/NoSuchMethodError'{0x000000008348fa80}: 'int java.lang.invoke.DirectMethodHandle$Holder.invokeSpecialIFC(java.lang.Object, java.lang.Object, java.lang.Object)'> (0x000000008348fa80) 
thrown [s\src\hotspot\share\interpreter\linkResolver.cpp, line 771]
Event: 3.884 Thread 0x0000024c40da92a0 Exception <a 'java/lang/NoSuchMethodError'{0x000000008fdb7a08}: 'int java.lang.invoke.DirectMethodHandle$Holder.invokeStatic(java.lang.Object)'> (0x000000008fdb7a08) 
thrown [s\src\hotspot\share\interpreter\linkResolver.cpp, line 771]
Event: 3.884 Thread 0x0000024c40da92a0 Exception <a 'java/lang/NoSuchMethodError'{0x000000008fdbc0a0}: 'int java.lang.invoke.DirectMethodHandle$Holder.invokeStaticInit(java.lang.Object)'> (0x000000008fdbc0a0) 
thrown [s\src\hotspot\share\interpreter\linkResolver.cpp, line 771]
Event: 3.892 Thread 0x0000024c40da92a0 Exception <a 'java/lang/NoSuchMethodError'{0x000000008cd4dea8}: 'java.lang.Object java.lang.invoke.DirectMethodHandle$Holder.newInvokeSpecial(java.lang.Object, java.lang.Object, java.lang.Object, java.lang.Object, java.lang.Object, int)'> (0x000000008cd4dea8) 
thrown [s\src\hotspot\share\interpreter\linkResolver.cpp, line 771]
Event: 3.892 Thread 0x0000024c40da92a0 Exception <a 'java/lang/NoSuchMethodError'{0x000000008cd53500}: 'java.lang.Object java.lang.invoke.DirectMethodHandle$Holder.invokeSpecial(java.lang.Object, java.lang.Object, java.lang.Object, java.lang.Object, java.lang.Object, java.lang.Object, int)'> (0x000000008cd53500) 
thrown [s\src\hotspot\share\interpreter\linkResolver.cpp, line 771]
Event: 3.904 Thread 0x0000024c40da92a0 Exception <a 'java/lang/NoSuchMethodError'{0x000000008cc3d778}: 'void java.lang.invoke.DirectMethodHandle$Holder.invokeStatic(java.lang.Object, java.lang.Object, java.lang.Object, int, java.lang.Object)'> (0x000000008cc3d778) 
thrown [s\src\hotspot\share\interpreter\linkResolver.cpp, line 771]
Event: 3.964 Thread 0x0000024c40da92a0 Exception <a 'java/lang/NoSuchMethodError'{0x000000008c9f3d70}: 'java.lang.Object java.lang.invoke.DirectMethodHandle$Holder.newInvokeSpecial(java.lang.Object, java.lang.Object, int)'> (0x000000008c9f3d70) 
thrown [s\src\hotspot\share\interpreter\linkResolver.cpp, line 771]
Event: 4.095 Thread 0x0000024c40da92a0 Implicit null exception at 0x0000024c24640592 to 0x0000000000000000

VM Operations (20 events):
Event: 2.749 Executing VM operation: G1CollectForAllocation
Event: 2.751 Executing VM operation: G1CollectForAllocation done
Event: 2.935 Executing VM operation: HandshakeAllThreads
Event: 2.935 Executing VM operation: HandshakeAllThreads done
Event: 2.982 Executing VM operation: G1CollectForAllocation
Event: 2.984 Executing VM operation: G1CollectForAllocation done
Event: 3.134 Executing VM operation: HandshakeAllThreads
Event: 3.134 Executing VM operation: HandshakeAllThreads done
Event: 3.434 Executing VM operation: HandshakeAllThreads
Event: 3.434 Executing VM operation: HandshakeAllThreads done
Event: 3.462 Executing VM operation: ICBufferFull
Event: 3.463 Executing VM operation: ICBufferFull done
Event: 3.469 Executing VM operation: HandshakeAllThreads
Event: 3.469 Executing VM operation: HandshakeAllThreads done
Event: 3.481 Executing VM operation: G1CollectForAllocation
Event: 3.483 Executing VM operation: G1CollectForAllocation done
Event: 3.853 Executing VM operation: HandshakeAllThreads
Event: 3.853 Executing VM operation: HandshakeAllThreads done
Event: 3.868 Executing VM operation: G1CollectForAllocation
Event: 3.871 Executing VM operation: G1CollectForAllocation done

Events (20 events):
Event: 3.663 loading class javax/net/ssl/SSLPeerUnverifiedException done
Event: 3.663 loading class javax/naming/NamingException
Event: 3.663 loading class javax/naming/NamingException done
Event: 3.663 loading class javax/naming/InvalidNameException
Event: 3.663 loading class javax/naming/InvalidNameException done
Event: 3.663 loading class java/security/cert/CertificateParsingException
Event: 3.663 loading class java/security/cert/CertificateException
Event: 3.663 loading class java/security/cert/CertificateException done
Event: 3.663 loading class java/security/cert/CertificateParsingException done
Event: 3.685 loading class java/util/Collections$SingletonMap
Event: 3.685 loading class java/util/Collections$SingletonMap done
Event: 3.687 Thread 0x0000024c428c0870 Thread added: 0x0000024c428c0870
Event: 3.715 Thread 0x0000024c428c0d40 Thread added: 0x0000024c428c0d40
Event: 3.715 Thread 0x0000024c428c1210 Thread added: 0x0000024c428c1210
Event: 3.734 loading class java/io/DeleteOnExitHook
Event: 3.734 loading class java/io/DeleteOnExitHook done
Event: 3.734 loading class java/io/DeleteOnExitHook$1
Event: 3.734 loading class java/io/DeleteOnExitHook$1 done
Event: 4.031 loading class java/util/Collections$2
Event: 4.032 loading class java/util/Collections$2 done


Dynamic libraries:
0x00007ff66ca80000 - 0x00007ff66ca8a000 	C:\Program Files\Android\Android Studio\jbr\bin\java.exe
0x00007ffc35910000 - 0x00007ffc35b08000 	C:\Windows\SYSTEM32\ntdll.dll
0x00007ffc35740000 - 0x00007ffc357fd000 	C:\Windows\System32\KERNEL32.DLL
0x00007ffc331f0000 - 0x00007ffc334e6000 	C:\Windows\System32\KERNELBASE.dll
0x00007ffc32f90000 - 0x00007ffc33090000 	C:\Windows\System32\ucrtbase.dll
0x00007ffc0e230000 - 0x00007ffc0e247000 	C:\Program Files\Android\Android Studio\jbr\bin\jli.dll
0x00007ffc34080000 - 0x00007ffc3421e000 	C:\Windows\System32\USER32.dll
0x00007ffbbe480000 - 0x00007ffbbe49b000 	C:\Program Files\Android\Android Studio\jbr\bin\VCRUNTIME140.dll
0x00007ffc33640000 - 0x00007ffc33662000 	C:\Windows\System32\win32u.dll
0x00007ffc32360000 - 0x00007ffc325fa000 	C:\Windows\WinSxS\amd64_microsoft.windows.common-controls_6595b64144ccf1df_6.0.19041.3636_none_60b6a03d71f818d5\COMCTL32.dll
0x00007ffc35130000 - 0x00007ffc3515b000 	C:\Windows\System32\GDI32.dll
0x00007ffc34e30000 - 0x00007ffc34ece000 	C:\Windows\System32\msvcrt.dll
0x00007ffc334f0000 - 0x00007ffc33607000 	C:\Windows\System32\gdi32full.dll
0x00007ffc33700000 - 0x00007ffc3379d000 	C:\Windows\System32\msvcp_win.dll
0x00007ffc34040000 - 0x00007ffc34072000 	C:\Windows\System32\IMM32.DLL
0x00007ffc0e150000 - 0x00007ffc0e15c000 	C:\Program Files\Android\Android Studio\jbr\bin\vcruntime140_1.dll
0x00007ffbafb40000 - 0x00007ffbafbcd000 	C:\Program Files\Android\Android Studio\jbr\bin\msvcp140.dll
0x00007ffbbe770000 - 0x00007ffbbf3f0000 	C:\Program Files\Android\Android Studio\jbr\bin\server\jvm.dll
0x00007ffc35330000 - 0x00007ffc353e0000 	C:\Windows\System32\ADVAPI32.dll
0x00007ffc35290000 - 0x00007ffc35330000 	C:\Windows\System32\sechost.dll
0x00007ffc35160000 - 0x00007ffc35285000 	C:\Windows\System32\RPCRT4.dll
0x00007ffc33610000 - 0x00007ffc33637000 	C:\Windows\System32\bcrypt.dll
0x00007ffc25500000 - 0x00007ffc25527000 	C:\Windows\SYSTEM32\WINMM.dll
0x00007ffc2fcd0000 - 0x00007ffc2fcda000 	C:\Windows\SYSTEM32\VERSION.dll
0x00007ffc2f940000 - 0x00007ffc2f949000 	C:\Windows\SYSTEM32\WSOCK32.dll
0x00007ffc35050000 - 0x00007ffc350bb000 	C:\Windows\System32\WS2_32.dll
0x00007ffc30080000 - 0x00007ffc30092000 	C:\Windows\SYSTEM32\kernel.appcore.dll
0x00007ffc28df0000 - 0x00007ffc28dfa000 	C:\Program Files\Android\Android Studio\jbr\bin\jimage.dll
0x00007ffc32920000 - 0x00007ffc32b04000 	C:\Windows\SYSTEM32\DBGHELP.DLL
0x00007ffc32730000 - 0x00007ffc32764000 	C:\Windows\SYSTEM32\dbgcore.DLL
0x00007ffc33670000 - 0x00007ffc336f2000 	C:\Windows\System32\bcryptPrimitives.dll
0x00007ffc11e30000 - 0x00007ffc11e3e000 	C:\Program Files\Android\Android Studio\jbr\bin\instrument.dll
0x00007ffc14cd0000 - 0x00007ffc14cf5000 	C:\Program Files\Android\Android Studio\jbr\bin\java.dll
0x00007ffc23770000 - 0x00007ffc23788000 	C:\Program Files\Android\Android Studio\jbr\bin\zip.dll
0x00007ffc34430000 - 0x00007ffc34b9b000 	C:\Windows\System32\SHELL32.dll
0x00007ffc309f0000 - 0x00007ffc3118e000 	C:\Windows\SYSTEM32\windows.storage.dll
0x00007ffc353e0000 - 0x00007ffc35733000 	C:\Windows\System32\combase.dll
0x00007ffc322c0000 - 0x00007ffc322ee000 	C:\Windows\SYSTEM32\Wldp.dll
0x00007ffc34360000 - 0x00007ffc3442d000 	C:\Windows\System32\OLEAUT32.dll
0x00007ffc33910000 - 0x00007ffc339bd000 	C:\Windows\System32\SHCORE.dll
0x00007ffc34ed0000 - 0x00007ffc34f25000 	C:\Windows\System32\shlwapi.dll
0x00007ffc32ec0000 - 0x00007ffc32ee5000 	C:\Windows\SYSTEM32\profapi.dll
0x00007ffc13ca0000 - 0x00007ffc13cb9000 	C:\Program Files\Android\Android Studio\jbr\bin\net.dll
0x00007ffc2b5b0000 - 0x00007ffc2b6ba000 	C:\Windows\SYSTEM32\WINHTTP.dll
0x00007ffc32190000 - 0x00007ffc321fa000 	C:\Windows\system32\mswsock.dll
0x00007ffc13c80000 - 0x00007ffc13c96000 	C:\Program Files\Android\Android Studio\jbr\bin\nio.dll
0x00007ffc28de0000 - 0x00007ffc28df0000 	C:\Program Files\Android\Android Studio\jbr\bin\verify.dll
0x00007ffbffd80000 - 0x00007ffbffda7000 	C:\Users\mirel\.gradle\native\68d5fa5c4cc2d200863cafc0d521ce42e7d3e7ee720ec0a83991735586a16f82\windows-amd64\native-platform.dll
0x00007ffb9a580000 - 0x00007ffb9a6c4000 	C:\Users\mirel\.gradle\native\e376f236ea51e6404a007f0833ffe2c6e607c4080706a723a18a27aeea778392\windows-amd64\native-platform-file-events.dll
0x00007ffc14e50000 - 0x00007ffc14e59000 	C:\Program Files\Android\Android Studio\jbr\bin\management.dll
0x00007ffc14e20000 - 0x00007ffc14e2b000 	C:\Program Files\Android\Android Studio\jbr\bin\management_ext.dll
0x00007ffc35120000 - 0x00007ffc35128000 	C:\Windows\System32\PSAPI.DLL
0x00007ffc32d00000 - 0x00007ffc32d18000 	C:\Windows\SYSTEM32\CRYPTSP.dll
0x00007ffc319b0000 - 0x00007ffc319e4000 	C:\Windows\system32\rsaenh.dll
0x00007ffc32e40000 - 0x00007ffc32e6e000 	C:\Windows\SYSTEM32\USERENV.dll
0x00007ffc32280000 - 0x00007ffc3228c000 	C:\Windows\SYSTEM32\CRYPTBASE.dll
0x00007ffc31d10000 - 0x00007ffc31d4b000 	C:\Windows\SYSTEM32\IPHLPAPI.DLL
0x00007ffc35800000 - 0x00007ffc35808000 	C:\Windows\System32\NSI.dll
0x00007ffc2c490000 - 0x00007ffc2c4a7000 	C:\Windows\SYSTEM32\dhcpcsvc6.DLL
0x00007ffc2c450000 - 0x00007ffc2c46d000 	C:\Windows\SYSTEM32\dhcpcsvc.DLL
0x00007ffc31d50000 - 0x00007ffc31e1b000 	C:\Windows\SYSTEM32\DNSAPI.dll
0x00007ffc23810000 - 0x00007ffc23817000 	C:\Windows\system32\wshunix.dll

dbghelp: loaded successfully - version: 4.0.5 - missing functions: none
symbol engine: initialized successfully - sym options: 0x614 - pdb path: .;C:\Program Files\Android\Android Studio\jbr\bin;C:\Windows\SYSTEM32;C:\Windows\WinSxS\amd64_microsoft.windows.common-controls_6595b64144ccf1df_6.0.19041.3636_none_60b6a03d71f818d5;C:\Program Files\Android\Android Studio\jbr\bin\server;C:\Users\mirel\.gradle\native\68d5fa5c4cc2d200863cafc0d521ce42e7d3e7ee720ec0a83991735586a16f82\windows-amd64;C:\Users\mirel\.gradle\native\e376f236ea51e6404a007f0833ffe2c6e607c4080706a723a18a27aeea778392\windows-amd64

VM Arguments:
jvm_args: --add-opens=java.base/java.util=ALL-UNNAMED --add-opens=java.base/java.lang=ALL-UNNAMED --add-opens=java.base/java.lang.invoke=ALL-UNNAMED --add-opens=java.prefs/java.util.prefs=ALL-UNNAMED --add-opens=java.base/java.nio.charset=ALL-UNNAMED --add-opens=java.base/java.net=ALL-UNNAMED --add-opens=java.base/java.util.concurrent.atomic=ALL-UNNAMED -Xmx2048m -Dfile.encoding=UTF-8 -Duser.country=RU -Duser.language=ru -Duser.variant -javaagent:C:\Users\mirel\.gradle\wrapper\dists\gradle-8.2-bin\bbg7u40eoinfdyxsxr3z4i7ta\gradle-8.2\lib\agents\gradle-instrumentation-agent-8.2.jar 
java_command: org.gradle.launcher.daemon.bootstrap.GradleDaemon 8.2
java_class_path (initial): C:\Users\mirel\.gradle\wrapper\dists\gradle-8.2-bin\bbg7u40eoinfdyxsxr3z4i7ta\gradle-8.2\lib\gradle-launcher-8.2.jar
Launcher Type: SUN_STANDARD

[Global flags]
     intx CICompilerCount                          = 4                                         {product} {ergonomic}
     uint ConcGCThreads                            = 3                                         {product} {ergonomic}
     uint G1ConcRefinementThreads                  = 10                                        {product} {ergonomic}
   size_t G1HeapRegionSize                         = 1048576                                   {product} {ergonomic}
    uintx GCDrainStackTargetSize                   = 64                                        {product} {ergonomic}
   size_t InitialHeapSize                          = 266338304                                 {product} {ergonomic}
   size_t MarkStackSize                            = 4194304                                   {product} {ergonomic}
   size_t MaxHeapSize                              = 2147483648                                {product} {command line}
   size_t MaxNewSize                               = 1287651328                                {product} {ergonomic}
   size_t MinHeapDeltaBytes                        = 1048576                                   {product} {ergonomic}
   size_t MinHeapSize                              = 8388608                                   {product} {ergonomic}
    uintx NonNMethodCodeHeapSize                   = 5839372                                {pd product} {ergonomic}
    uintx NonProfiledCodeHeapSize                  = 122909434                              {pd product} {ergonomic}
    uintx ProfiledCodeHeapSize                     = 122909434                              {pd product} {ergonomic}
    uintx ReservedCodeCacheSize                    = 251658240                              {pd product} {ergonomic}
     bool SegmentedCodeCache                       = true                                      {product} {ergonomic}
   size_t SoftMaxHeapSize                          = 2147483648                             {manageable} {ergonomic}
     bool UseCompressedClassPointers               = true                           {product lp64_product} {ergonomic}
     bool UseCompressedOops                        = true                           {product lp64_product} {ergonomic}
     bool UseG1GC                                  = true                                      {product} {ergonomic}
     bool UseLargePagesIndividualAllocation        = false                                  {pd product} {ergonomic}

Logging:
Log output configuration:
 #0: stdout all=warning uptime,level,tags
 #1: stderr all=off uptime,level,tags

Environment Variables:
PATH=C:\Program Files (x86)\Common Files\Oracle\Java\javapath;C:\Windows\system32;C:\Windows;C:\Windows\System32\Wbem;C:\Windows\System32\WindowsPowerShell\v1.0\;C:\Windows\System32\OpenSSH\;C:\Program Files\NVIDIA Corporation\NVIDIA NvDLISR;C:\Program Files (x86)\NVIDIA Corporation\PhysX\Common;C:\Program Files\Git\cmd;C:\Program Files\dotnet\;C:\Program Files\Microsoft SQL Server\150\Tools\Binn\;C:\Program Files\Microsoft SQL Server\Client SDK\ODBC\170\Tools\Binn\;C:\Program Files\TortoiseGit\bin;C:\Program Files\nodejs\;C:\Users\mirel\AppData\Local\Microsoft\WindowsApps;C:\Users\mirel\AppData\Local\GitHubDesktop\bin;C:\Users\mirel\AppData\Local\Programs\Microsoft VS Code\bin;D:\SOFT\IntelliJ IDEA Community Edition 2023.2.3\bin;;C:\Users\mirel\.dotnet\tools;C:\Users\mirel\AppData\Roaming\npm
USERNAME=mirel
OS=Windows_NT
PROCESSOR_IDENTIFIER=Intel64 Family 6 Model 151 Stepping 5, GenuineIntel
TMP=C:\Users\mirel\AppData\Local\Temp
TEMP=C:\Users\mirel\AppData\Local\Temp


JNI global refs:
JNI global refs: 27, weak refs: 0

JNI global refs memory usage: 843, weak refs: 841

OOME stack traces (most recent first):
Classloader memory used:
Loader org.gradle.internal.classloader.VisitableURLClassLoader                         : 3258K
Loader bootstrap                                                                       : 2385K
Loader org.gradle.initialization.MixInLegacyTypesClassLoader                           : 935K
Loader jdk.internal.loader.ClassLoaders$PlatformClassLoader                            : 67356B
Loader jdk.internal.loader.ClassLoaders$AppClassLoader                                 : 28352B
Loader jdk.internal.reflect.DelegatingClassLoader                                      : 8570B
Loader org.gradle.internal.classloader.VisitableURLClassLoader$InstrumentingVisitableURLClassLoader: 3166B
Loader org.gradle.groovy.scripts.internal.DefaultScriptCompilationHandler$ScriptClassLoader: 1712B
Loader org.codehaus.groovy.runtime.callsite.CallSiteClassLoader                        : 356B

Classes loaded by more than one classloader:
Class Program                                                                         : loaded 3 times (x 70B)
Class org.gradle.internal.classpath.ClassPath                                         : loaded 2 times (x 68B)
Class org.gradle.api.internal.classpath.DefaultModuleRegistry                         : loaded 2 times (x 84B)
Class Settings_gradle$1$1                                                             : loaded 2 times (x 72B)
Class org.gradle.api.Action                                                           : loaded 2 times (x 68B)
Class org.gradle.api.internal.DefaultClassPathProvider                                : loaded 2 times (x 74B)
Class org.gradle.internal.installation.GradleInstallation$1                           : loaded 2 times (x 73B)
Class org.gradle.internal.classloader.FilteringClassLoader                            : loaded 2 times (x 102B)
Class org.gradle.internal.classpath.DefaultClassPath$ImmutableUniqueList$Builder      : loaded 2 times (x 73B)
Class org.gradle.internal.classloader.ClassLoaderVisitor                              : loaded 2 times (x 74B)
Class org.gradle.internal.service.DefaultServiceLocator                               : loaded 2 times (x 81B)
Class org.gradle.internal.service.UnknownServiceException                             : loaded 2 times (x 81B)
Class org.gradle.internal.classloader.DefaultClassLoaderFactory                       : loaded 2 times (x 80B)
Class org.gradle.internal.classloader.VisitableURLClassLoader$Spec                    : loaded 2 times (x 72B)
Class org.gradle.api.GradleException                                                  : loaded 2 times (x 80B)
Class org.gradle.api.internal.classpath.ModuleRegistry                                : loaded 2 times (x 68B)
Class org.gradle.api.internal.ClassPathProvider                                       : loaded 2 times (x 68B)
Class org.gradle.internal.classloader.ClasspathUtil$1                                 : loaded 2 times (x 74B)
Class org.gradle.internal.classloader.ClassLoaderFactory                              : loaded 2 times (x 68B)
Class org.gradle.api.internal.classpath.ManifestUtil                                  : loaded 2 times (x 69B)
Class org.gradle.api.specs.Spec                                                       : loaded 2 times (x 68B)
Class org.gradle.internal.IoActions                                                   : loaded 2 times (x 69B)
Class org.gradle.api.internal.classpath.EffectiveClassPath                            : loaded 2 times (x 88B)
Class org.gradle.internal.installation.CurrentGradleInstallation                      : loaded 2 times (x 71B)
Class org.gradle.internal.agents.InstrumentingClassLoader                             : loaded 2 times (x 68B)
Class org.gradle.internal.installation.CurrentGradleInstallationLocator               : loaded 2 times (x 69B)
Class org.gradle.api.internal.classpath.Module                                        : loaded 2 times (x 68B)
Class org.gradle.internal.service.CachingServiceLocator                               : loaded 2 times (x 80B)
Class org.gradle.internal.classpath.DefaultClassPath                                  : loaded 2 times (x 88B)
Class org.gradle.internal.classloader.SystemClassLoaderSpec                           : loaded 2 times (x 69B)
Class org.gradle.api.UncheckedIOException                                             : loaded 2 times (x 80B)
Class org.gradle.internal.installation.GradleInstallation                             : loaded 2 times (x 73B)
Class org.gradle.internal.classloader.ClasspathUtil                                   : loaded 2 times (x 69B)
Class org.gradle.api.internal.DefaultClassPathRegistry                                : loaded 2 times (x 74B)
Class org.gradle.api.internal.classpath.DefaultModuleRegistry$DefaultModule           : loaded 2 times (x 84B)
Class org.gradle.api.internal.classpath.UnknownModuleException                        : loaded 2 times (x 80B)
Class org.gradle.internal.service.ServiceLookupException                              : loaded 2 times (x 80B)
Class org.gradle.cache.GlobalCache                                                    : loaded 2 times (x 68B)
Class [Lorg.gradle.api.internal.ClassPathProvider;                                    : loaded 2 times (x 67B)
Class org.gradle.util.internal.GUtil                                                  : loaded 2 times (x 69B)
Class org.gradle.internal.classloader.ClassLoaderSpec                                 : loaded 2 times (x 69B)
Class org.gradle.internal.classloader.VisitableURLClassLoader                         : loaded 2 times (x 114B)
Class org.gradle.internal.Cast                                                        : loaded 2 times (x 69B)
Class org.gradle.api.internal.ClassPathRegistry                                       : loaded 2 times (x 68B)
Class org.gradle.internal.classloader.VisitableURLClassLoader$InstrumentingVisitableURLClassLoader: loaded 2 times (x 120B)
Class org.gradle.internal.classloader.ClassLoaderHierarchy                            : loaded 2 times (x 68B)
Class org.gradle.internal.InternalTransformer                                         : loaded 2 times (x 68B)
Class org.gradle.internal.service.ServiceLocator                                      : loaded 2 times (x 68B)
Class Settings_gradle$1                                                               : loaded 2 times (x 72B)
Class org.gradle.internal.classpath.DefaultClassPath$ImmutableUniqueList              : loaded 2 times (x 159B)
Class org.gradle.internal.classpath.TransformedClassPath                              : loaded 2 times (x 94B)
Class Settings_gradle                                                                 : loaded 2 times (x 126B)


---------------  S Y S T E M  ---------------

OS:
 Windows 10 , 64 bit Build 19041 (10.0.19041.3636)
OS uptime: 0 days 22:53 hours

CPU: total 12 (initial active 12) (6 cores per cpu, 2 threads per core) family 6 model 151 stepping 5 microcode 0x28, cx8, cmov, fxsr, ht, mmx, 3dnowpref, sse, sse2, sse3, ssse3, sse4.1, sse4.2, popcnt, lzcnt, tsc, tscinvbit, avx, avx2, aes, erms, clmul, bmi1, bmi2, adx, sha, fma, vzeroupper, clflush, clflushopt, clwb

Memory: 4k page, system-wide physical 16229M (1403M free)
TotalPageFile size 32101M (AvailPageFile size 9156M)
current process WorkingSet (physical memory assigned to process): 279M, peak: 295M
current process commit charge ("private bytes"): 318M, peak: 404M

vm_info: OpenJDK 64-Bit Server VM (17.0.7+0-b2043.56-10550314) for windows-amd64 JRE (17.0.7+0-b2043.56-10550314), built on Jul 24 2023 18:27:45 by "androidbuild" with MS VC++ 16.10 / 16.11 (VS2019)

END.
